<?xml version="1.0" encoding="UTF-8"?>
<coverage generated="1759938955736" clover="3.2.0">
  <project timestamp="1759938955736" name="All files">
    <metrics statements="509" coveredstatements="494" conditionals="103" coveredconditionals="97" methods="19" coveredmethods="17" elements="631" coveredelements="608" complexity="0" loc="509" ncloc="509" packages="5" files="10" classes="10"/>
    <package name="src">
      <metrics statements="14" coveredstatements="0" conditionals="2" coveredconditionals="0" methods="2" coveredmethods="0"/>
      <file name="App.tsx" path="/Users/ark/Downloads/go-search/go-search/src/App.tsx">
        <metrics statements="5" coveredstatements="0" conditionals="1" coveredconditionals="0" methods="1" coveredmethods="0"/>
        <line num="1" count="0" type="cond" truecount="0" falsecount="1"/>
        <line num="3" count="0" type="stmt"/>
        <line num="4" count="0" type="stmt"/>
        <line num="5" count="0" type="stmt"/>
        <line num="7" count="0" type="stmt"/>
      </file>
      <file name="main.tsx" path="/Users/ark/Downloads/go-search/go-search/src/main.tsx">
        <metrics statements="9" coveredstatements="0" conditionals="1" coveredconditionals="0" methods="1" coveredmethods="0"/>
        <line num="1" count="0" type="cond" truecount="0" falsecount="1"/>
        <line num="2" count="0" type="stmt"/>
        <line num="3" count="0" type="stmt"/>
        <line num="4" count="0" type="stmt"/>
        <line num="6" count="0" type="stmt"/>
        <line num="7" count="0" type="stmt"/>
        <line num="8" count="0" type="stmt"/>
        <line num="9" count="0" type="stmt"/>
        <line num="10" count="0" type="stmt"/>
      </file>
    </package>
    <package name="src.components">
      <metrics statements="328" coveredstatements="328" conditionals="53" coveredconditionals="53" methods="11" coveredmethods="11"/>
      <file name="ArticleCard.tsx" path="/Users/ark/Downloads/go-search/go-search/src/components/ArticleCard.tsx">
        <metrics statements="47" coveredstatements="47" conditionals="1" coveredconditionals="1" methods="1" coveredmethods="1"/>
        <line num="1" count="1" type="stmt"/>
        <line num="3" count="1" type="stmt"/>
        <line num="4" count="1" type="stmt"/>
        <line num="11" count="1" type="cond" truecount="1" falsecount="0"/>
        <line num="12" count="148" type="stmt"/>
        <line num="13" count="148" type="stmt"/>
        <line num="14" count="148" type="stmt"/>
        <line num="15" count="148" type="stmt"/>
        <line num="16" count="148" type="stmt"/>
        <line num="17" count="148" type="stmt"/>
        <line num="18" count="148" type="stmt"/>
        <line num="19" count="148" type="stmt"/>
        <line num="20" count="148" type="stmt"/>
        <line num="21" count="148" type="stmt"/>
        <line num="22" count="148" type="stmt"/>
        <line num="23" count="148" type="stmt"/>
        <line num="26" count="148" type="stmt"/>
        <line num="28" count="148" type="stmt"/>
        <line num="30" count="148" type="stmt"/>
        <line num="31" count="148" type="stmt"/>
        <line num="32" count="148" type="stmt"/>
        <line num="33" count="148" type="stmt"/>
        <line num="35" count="148" type="stmt"/>
        <line num="36" count="148" type="stmt"/>
        <line num="37" count="148" type="stmt"/>
        <line num="38" count="148" type="stmt"/>
        <line num="39" count="148" type="stmt"/>
        <line num="40" count="148" type="stmt"/>
        <line num="41" count="148" type="stmt"/>
        <line num="42" count="148" type="stmt"/>
        <line num="43" count="148" type="stmt"/>
        <line num="44" count="148" type="stmt"/>
        <line num="47" count="148" type="stmt"/>
        <line num="48" count="148" type="stmt"/>
        <line num="49" count="148" type="stmt"/>
        <line num="52" count="148" type="stmt"/>
        <line num="53" count="148" type="stmt"/>
        <line num="54" count="148" type="stmt"/>
        <line num="55" count="148" type="stmt"/>
        <line num="56" count="148" type="stmt"/>
        <line num="58" count="148" type="stmt"/>
        <line num="60" count="148" type="stmt"/>
        <line num="61" count="148" type="stmt"/>
        <line num="62" count="148" type="stmt"/>
        <line num="65" count="148" type="stmt"/>
        <line num="66" count="148" type="stmt"/>
        <line num="68" count="148" type="stmt"/>
      </file>
      <file name="ArticleList.tsx" path="/Users/ark/Downloads/go-search/go-search/src/components/ArticleList.tsx">
        <metrics statements="115" coveredstatements="115" conditionals="30" coveredconditionals="30" methods="1" coveredmethods="1"/>
        <line num="1" count="1" type="stmt"/>
        <line num="3" count="1" type="stmt"/>
        <line num="4" count="1" type="stmt"/>
        <line num="5" count="1" type="stmt"/>
        <line num="18" count="1" type="cond" truecount="1" falsecount="0"/>
        <line num="19" count="39" type="stmt"/>
        <line num="20" count="39" type="stmt"/>
        <line num="21" count="39" type="stmt"/>
        <line num="22" count="39" type="stmt"/>
        <line num="23" count="39" type="stmt"/>
        <line num="24" count="39" type="stmt"/>
        <line num="25" count="39" type="stmt"/>
        <line num="26" count="39" type="stmt"/>
        <line num="27" count="39" type="stmt"/>
        <line num="28" count="39" type="cond" truecount="1" falsecount="0"/>
        <line num="29" count="39" type="cond" truecount="1" falsecount="0"/>
        <line num="32" count="39" type="cond" truecount="4" falsecount="0"/>
        <line num="33" count="4" type="stmt"/>
        <line num="34" count="4" type="stmt"/>
        <line num="35" count="4" type="stmt"/>
        <line num="36" count="4" type="stmt"/>
        <line num="37" count="4" type="stmt"/>
        <line num="38" count="4" type="stmt"/>
        <line num="39" count="4" type="stmt"/>
        <line num="40" count="4" type="stmt"/>
        <line num="41" count="4" type="stmt"/>
        <line num="42" count="4" type="stmt"/>
        <line num="43" count="4" type="stmt"/>
        <line num="44" count="4" type="stmt"/>
        <line num="45" count="4" type="stmt"/>
        <line num="46" count="4" type="stmt"/>
        <line num="47" count="4" type="stmt"/>
        <line num="48" count="4" type="stmt"/>
        <line num="49" count="4" type="stmt"/>
        <line num="51" count="4" type="cond" truecount="1" falsecount="0"/>
        <line num="53" count="35" type="stmt"/>
        <line num="54" count="35" type="stmt"/>
        <line num="56" count="39" type="cond" truecount="3" falsecount="0"/>
        <line num="57" count="31" type="stmt"/>
        <line num="58" count="31" type="stmt"/>
        <line num="59" count="31" type="stmt"/>
        <line num="60" count="31" type="cond" truecount="4" falsecount="0"/>
        <line num="61" count="31" type="stmt"/>
        <line num="62" count="31" type="stmt"/>
        <line num="63" count="31" type="stmt"/>
        <line num="64" count="31" type="stmt"/>
        <line num="65" count="31" type="stmt"/>
        <line num="67" count="31" type="stmt"/>
        <line num="68" count="31" type="stmt"/>
        <line num="72" count="39" type="cond" truecount="1" falsecount="0"/>
        <line num="73" count="5" type="stmt"/>
        <line num="74" count="5" type="stmt"/>
        <line num="75" count="5" type="stmt"/>
        <line num="76" count="5" type="stmt"/>
        <line num="77" count="5" type="stmt"/>
        <line num="79" count="5" type="stmt"/>
        <line num="80" count="5" type="stmt"/>
        <line num="81" count="5" type="stmt"/>
        <line num="82" count="5" type="stmt"/>
        <line num="83" count="5" type="stmt"/>
        <line num="84" count="5" type="stmt"/>
        <line num="85" count="5" type="stmt"/>
        <line num="87" count="5" type="stmt"/>
        <line num="89" count="5" type="stmt"/>
        <line num="90" count="5" type="stmt"/>
        <line num="91" count="5" type="stmt"/>
        <line num="95" count="39" type="stmt"/>
        <line num="96" count="39" type="cond" truecount="1" falsecount="0"/>
        <line num="97" count="148" type="stmt"/>
        <line num="98" count="148" type="stmt"/>
        <line num="99" count="148" type="stmt"/>
        <line num="100" count="148" type="stmt"/>
        <line num="101" count="148" type="stmt"/>
        <line num="102" count="39" type="stmt"/>
        <line num="105" count="39" type="cond" truecount="1" falsecount="0"/>
        <line num="106" count="1" type="stmt"/>
        <line num="107" count="1" type="cond" truecount="1" falsecount="0"/>
        <line num="108" count="6" type="stmt"/>
        <line num="109" count="1" type="stmt"/>
        <line num="110" count="1" type="stmt"/>
        <line num="112" count="39" type="stmt"/>
        <line num="115" count="39" type="cond" truecount="4" falsecount="0"/>
        <line num="116" count="8" type="stmt"/>
        <line num="117" count="8" type="stmt"/>
        <line num="118" count="8" type="stmt"/>
        <line num="119" count="8" type="stmt"/>
        <line num="120" count="8" type="stmt"/>
        <line num="122" count="8" type="cond" truecount="1" falsecount="0"/>
        <line num="123" count="4" type="stmt"/>
        <line num="124" count="4" type="stmt"/>
        <line num="126" count="4" type="cond" truecount="1" falsecount="0"/>
        <line num="128" count="4" type="stmt"/>
        <line num="129" count="4" type="stmt"/>
        <line num="131" count="4" type="stmt"/>
        <line num="133" count="8" type="stmt"/>
        <line num="134" count="8" type="cond" truecount="2" falsecount="0"/>
        <line num="135" count="4" type="stmt"/>
        <line num="136" count="4" type="stmt"/>
        <line num="137" count="4" type="stmt"/>
        <line num="139" count="8" type="stmt"/>
        <line num="143" count="39" type="cond" truecount="3" falsecount="0"/>
        <line num="144" count="23" type="stmt"/>
        <line num="145" count="23" type="stmt"/>
        <line num="146" count="23" type="stmt"/>
        <line num="147" count="23" type="stmt"/>
        <line num="148" count="23" type="stmt"/>
        <line num="149" count="23" type="stmt"/>
        <line num="150" count="23" type="stmt"/>
        <line num="151" count="23" type="stmt"/>
        <line num="152" count="23" type="stmt"/>
        <line num="153" count="23" type="stmt"/>
        <line num="154" count="23" type="stmt"/>
        <line num="155" count="23" type="stmt"/>
        <line num="157" count="39" type="stmt"/>
        <line num="159" count="39" type="stmt"/>
      </file>
      <file name="LoadingCard.tsx" path="/Users/ark/Downloads/go-search/go-search/src/components/LoadingCard.tsx">
        <metrics statements="40" coveredstatements="40" conditionals="1" coveredconditionals="1" methods="1" coveredmethods="1"/>
        <line num="1" count="1" type="stmt"/>
        <line num="2" count="1" type="stmt"/>
        <line num="8" count="1" type="cond" truecount="1" falsecount="0"/>
        <line num="9" count="6" type="stmt"/>
        <line num="10" count="6" type="stmt"/>
        <line num="11" count="6" type="stmt"/>
        <line num="12" count="6" type="stmt"/>
        <line num="13" count="6" type="stmt"/>
        <line num="14" count="6" type="stmt"/>
        <line num="15" count="6" type="stmt"/>
        <line num="16" count="6" type="stmt"/>
        <line num="17" count="6" type="stmt"/>
        <line num="18" count="6" type="stmt"/>
        <line num="20" count="6" type="stmt"/>
        <line num="22" count="6" type="stmt"/>
        <line num="23" count="6" type="stmt"/>
        <line num="24" count="6" type="stmt"/>
        <line num="25" count="6" type="stmt"/>
        <line num="27" count="6" type="stmt"/>
        <line num="28" count="6" type="stmt"/>
        <line num="29" count="6" type="stmt"/>
        <line num="30" count="6" type="stmt"/>
        <line num="31" count="6" type="stmt"/>
        <line num="32" count="6" type="stmt"/>
        <line num="33" count="6" type="stmt"/>
        <line num="36" count="6" type="stmt"/>
        <line num="37" count="6" type="stmt"/>
        <line num="38" count="6" type="stmt"/>
        <line num="39" count="6" type="stmt"/>
        <line num="40" count="6" type="stmt"/>
        <line num="43" count="6" type="stmt"/>
        <line num="44" count="6" type="stmt"/>
        <line num="45" count="6" type="stmt"/>
        <line num="46" count="6" type="stmt"/>
        <line num="47" count="6" type="stmt"/>
        <line num="49" count="6" type="stmt"/>
        <line num="50" count="6" type="stmt"/>
        <line num="51" count="6" type="stmt"/>
        <line num="52" count="6" type="stmt"/>
        <line num="54" count="6" type="stmt"/>
      </file>
      <file name="SearchInput.tsx" path="/Users/ark/Downloads/go-search/go-search/src/components/SearchInput.tsx">
        <metrics statements="56" coveredstatements="56" conditionals="13" coveredconditionals="13" methods="6" coveredmethods="6"/>
        <line num="1" count="1" type="stmt"/>
        <line num="2" count="1" type="stmt"/>
        <line num="12" count="1" type="cond" truecount="1" falsecount="0"/>
        <line num="13" count="252" type="stmt"/>
        <line num="14" count="252" type="stmt"/>
        <line num="15" count="252" type="stmt"/>
        <line num="16" count="252" type="stmt"/>
        <line num="17" count="252" type="stmt"/>
        <line num="18" count="252" type="stmt"/>
        <line num="19" count="252" type="stmt"/>
        <line num="20" count="252" type="stmt"/>
        <line num="21" count="252" type="stmt"/>
        <line num="23" count="252" type="cond" truecount="1" falsecount="0"/>
        <line num="24" count="199" type="stmt"/>
        <line num="25" count="252" type="stmt"/>
        <line num="27" count="252" type="cond" truecount="1" falsecount="0"/>
        <line num="28" count="7" type="stmt"/>
        <line num="29" count="7" type="stmt"/>
        <line num="30" count="7" type="stmt"/>
        <line num="31" count="7" type="stmt"/>
        <line num="33" count="252" type="cond" truecount="1" falsecount="0"/>
        <line num="34" count="172" type="cond" truecount="1" falsecount="0"/>
        <line num="35" count="3" type="stmt"/>
        <line num="36" count="3" type="stmt"/>
        <line num="39" count="172" type="cond" truecount="1" falsecount="0"/>
        <line num="40" count="11" type="stmt"/>
        <line num="42" count="11" type="stmt"/>
        <line num="43" count="11" type="stmt"/>
        <line num="44" count="172" type="stmt"/>
        <line num="46" count="252" type="stmt"/>
        <line num="47" count="252" type="cond" truecount="1" falsecount="0"/>
        <line num="48" count="252" type="stmt"/>
        <line num="49" count="252" type="cond" truecount="1" falsecount="0"/>
        <line num="50" count="2" type="cond" truecount="1" falsecount="0"/>
        <line num="52" count="250" type="stmt"/>
        <line num="54" count="252" type="stmt"/>
        <line num="56" count="252" type="stmt"/>
        <line num="57" count="252" type="stmt"/>
        <line num="58" count="252" type="stmt"/>
        <line num="59" count="252" type="stmt"/>
        <line num="60" count="252" type="cond" truecount="1" falsecount="0"/>
        <line num="61" count="252" type="cond" truecount="1" falsecount="0"/>
        <line num="62" count="252" type="cond" truecount="1" falsecount="0"/>
        <line num="63" count="252" type="stmt"/>
        <line num="64" count="252" type="stmt"/>
        <line num="65" count="252" type="stmt"/>
        <line num="66" count="252" type="stmt"/>
        <line num="68" count="252" type="cond" truecount="1" falsecount="0"/>
        <line num="69" count="185" type="stmt"/>
        <line num="70" count="185" type="stmt"/>
        <line num="71" count="185" type="stmt"/>
        <line num="72" count="185" type="stmt"/>
        <line num="74" count="185" type="stmt"/>
        <line num="75" count="185" type="stmt"/>
        <line num="78" count="252" type="stmt"/>
        <line num="80" count="252" type="stmt"/>
      </file>
      <file name="SearchPage.tsx" path="/Users/ark/Downloads/go-search/go-search/src/components/SearchPage.tsx">
        <metrics statements="70" coveredstatements="70" conditionals="8" coveredconditionals="8" methods="2" coveredmethods="2"/>
        <line num="1" count="1" type="stmt"/>
        <line num="2" count="1" type="stmt"/>
        <line num="3" count="1" type="stmt"/>
        <line num="4" count="1" type="stmt"/>
        <line num="6" count="1" type="cond" truecount="1" falsecount="0"/>
        <line num="7" count="67" type="stmt"/>
        <line num="8" count="67" type="stmt"/>
        <line num="9" count="67" type="stmt"/>
        <line num="10" count="67" type="stmt"/>
        <line num="11" count="67" type="stmt"/>
        <line num="12" count="67" type="stmt"/>
        <line num="13" count="67" type="stmt"/>
        <line num="14" count="67" type="stmt"/>
        <line num="15" count="67" type="stmt"/>
        <line num="16" count="67" type="stmt"/>
        <line num="17" count="67" type="stmt"/>
        <line num="19" count="67" type="cond" truecount="1" falsecount="0"/>
        <line num="20" count="1" type="stmt"/>
        <line num="21" count="1" type="stmt"/>
        <line num="22" count="1" type="stmt"/>
        <line num="23" count="1" type="stmt"/>
        <line num="25" count="67" type="cond" truecount="3" falsecount="0"/>
        <line num="27" count="67" type="stmt"/>
        <line num="28" count="67" type="stmt"/>
        <line num="29" count="67" type="stmt"/>
        <line num="30" count="67" type="stmt"/>
        <line num="31" count="67" type="stmt"/>
        <line num="32" count="67" type="stmt"/>
        <line num="33" count="67" type="stmt"/>
        <line num="34" count="67" type="stmt"/>
        <line num="36" count="67" type="stmt"/>
        <line num="37" count="67" type="stmt"/>
        <line num="38" count="67" type="stmt"/>
        <line num="39" count="67" type="stmt"/>
        <line num="40" count="67" type="cond" truecount="1" falsecount="0"/>
        <line num="41" count="67" type="stmt"/>
        <line num="42" count="67" type="stmt"/>
        <line num="43" count="67" type="stmt"/>
        <line num="44" count="67" type="stmt"/>
        <line num="45" count="67" type="stmt"/>
        <line num="47" count="67" type="stmt"/>
        <line num="48" count="67" type="stmt"/>
        <line num="49" count="67" type="cond" truecount="1" falsecount="0"/>
        <line num="50" count="19" type="stmt"/>
        <line num="51" count="19" type="stmt"/>
        <line num="52" count="19" type="stmt"/>
        <line num="53" count="19" type="stmt"/>
        <line num="54" count="19" type="stmt"/>
        <line num="55" count="19" type="stmt"/>
        <line num="56" count="19" type="stmt"/>
        <line num="57" count="19" type="stmt"/>
        <line num="58" count="19" type="stmt"/>
        <line num="59" count="19" type="cond" truecount="1" falsecount="0"/>
        <line num="61" count="48" type="stmt"/>
        <line num="62" count="48" type="stmt"/>
        <line num="63" count="48" type="stmt"/>
        <line num="64" count="48" type="stmt"/>
        <line num="65" count="48" type="stmt"/>
        <line num="66" count="48" type="stmt"/>
        <line num="67" count="48" type="stmt"/>
        <line num="68" count="48" type="stmt"/>
        <line num="69" count="48" type="stmt"/>
        <line num="70" count="48" type="stmt"/>
        <line num="72" count="48" type="stmt"/>
        <line num="73" count="48" type="stmt"/>
        <line num="74" count="48" type="stmt"/>
        <line num="76" count="67" type="stmt"/>
        <line num="77" count="67" type="stmt"/>
        <line num="78" count="67" type="stmt"/>
        <line num="80" count="67" type="stmt"/>
      </file>
    </package>
    <package name="src.hooks">
      <metrics statements="135" coveredstatements="134" conditionals="34" coveredconditionals="30" methods="2" coveredmethods="2"/>
      <file name="useSearch.ts" path="/Users/ark/Downloads/go-search/go-search/src/hooks/useSearch.ts">
        <metrics statements="135" coveredstatements="134" conditionals="34" coveredconditionals="30" methods="2" coveredmethods="2"/>
        <line num="1" count="1" type="stmt"/>
        <line num="3" count="1" type="stmt"/>
        <line num="5" count="1" type="stmt"/>
        <line num="6" count="1" type="stmt"/>
        <line num="7" count="1" type="stmt"/>
        <line num="8" count="1" type="stmt"/>
        <line num="9" count="1" type="stmt"/>
        <line num="10" count="1" type="stmt"/>
        <line num="11" count="1" type="stmt"/>
        <line num="12" count="1" type="stmt"/>
        <line num="13" count="1" type="stmt"/>
        <line num="15" count="1" type="cond" truecount="1" falsecount="0"/>
        <line num="16" count="87" type="stmt"/>
        <line num="17" count="87" type="cond" truecount="1" falsecount="0"/>
        <line num="18" count="24" type="stmt"/>
        <line num="19" count="24" type="stmt"/>
        <line num="20" count="24" type="stmt"/>
        <line num="21" count="24" type="stmt"/>
        <line num="22" count="24" type="stmt"/>
        <line num="23" count="24" type="cond" truecount="0" falsecount="1"/>
        <line num="24" count="24" type="cond" truecount="0" falsecount="1"/>
        <line num="25" count="24" type="stmt"/>
        <line num="27" count="87" type="cond" truecount="1" falsecount="0"/>
        <line num="28" count="17" type="stmt"/>
        <line num="29" count="17" type="stmt"/>
        <line num="30" count="17" type="stmt"/>
        <line num="31" count="17" type="stmt"/>
        <line num="32" count="17" type="stmt"/>
        <line num="33" count="17" type="stmt"/>
        <line num="34" count="17" type="stmt"/>
        <line num="35" count="17" type="stmt"/>
        <line num="36" count="17" type="stmt"/>
        <line num="38" count="87" type="cond" truecount="1" falsecount="0"/>
        <line num="39" count="5" type="stmt"/>
        <line num="40" count="5" type="stmt"/>
        <line num="41" count="5" type="stmt"/>
        <line num="42" count="5" type="stmt"/>
        <line num="43" count="5" type="stmt"/>
        <line num="45" count="87" type="cond" truecount="1" falsecount="0"/>
        <line num="46" count="5" type="stmt"/>
        <line num="47" count="5" type="stmt"/>
        <line num="48" count="5" type="stmt"/>
        <line num="49" count="5" type="stmt"/>
        <line num="50" count="5" type="stmt"/>
        <line num="52" count="87" type="cond" truecount="1" falsecount="0"/>
        <line num="53" count="3" type="stmt"/>
        <line num="54" count="3" type="stmt"/>
        <line num="55" count="3" type="stmt"/>
        <line num="56" count="3" type="stmt"/>
        <line num="57" count="3" type="stmt"/>
        <line num="58" count="3" type="stmt"/>
        <line num="59" count="3" type="stmt"/>
        <line num="60" count="3" type="stmt"/>
        <line num="62" count="87" type="cond" truecount="1" falsecount="0"/>
        <line num="63" count="1" type="stmt"/>
        <line num="64" count="1" type="stmt"/>
        <line num="65" count="1" type="stmt"/>
        <line num="66" count="1" type="stmt"/>
        <line num="67" count="1" type="stmt"/>
        <line num="69" count="87" type="cond" truecount="1" falsecount="0"/>
        <line num="70" count="32" type="stmt"/>
        <line num="72" count="87" type="cond" truecount="0" falsecount="1"/>
        <line num="73" count="0" type="stmt"/>
        <line num="74" count="87" type="stmt"/>
        <line num="75" count="87" type="stmt"/>
        <line num="77" count="1" type="cond" truecount="1" falsecount="0"/>
        <line num="78" count="93" type="stmt"/>
        <line num="79" count="93" type="stmt"/>
        <line num="80" count="93" type="stmt"/>
        <line num="82" count="93" type="cond" truecount="1" falsecount="0"/>
        <line num="84" count="163" type="cond" truecount="1" falsecount="0"/>
        <line num="85" count="118" type="stmt"/>
        <line num="86" count="118" type="stmt"/>
        <line num="89" count="163" type="cond" truecount="1" falsecount="0"/>
        <line num="90" count="4" type="stmt"/>
        <line num="91" count="4" type="stmt"/>
        <line num="93" count="163" type="cond" truecount="1" falsecount="0"/>
        <line num="94" count="27" type="stmt"/>
        <line num="95" count="27" type="stmt"/>
        <line num="96" count="27" type="cond" truecount="1" falsecount="0"/>
        <line num="98" count="136" type="cond" truecount="1" falsecount="0"/>
        <line num="99" count="24" type="stmt"/>
        <line num="100" count="24" type="stmt"/>
        <line num="102" count="24" type="stmt"/>
        <line num="103" count="24" type="stmt"/>
        <line num="105" count="24" type="cond" truecount="1" falsecount="0"/>
        <line num="107" count="17" type="stmt"/>
        <line num="108" count="17" type="stmt"/>
        <line num="109" count="17" type="stmt"/>
        <line num="110" count="24" type="cond" truecount="1" falsecount="0"/>
        <line num="111" count="6" type="cond" truecount="1" falsecount="0"/>
        <line num="112" count="5" type="stmt"/>
        <line num="113" count="5" type="stmt"/>
        <line num="114" count="6" type="stmt"/>
        <line num="115" count="136" type="stmt"/>
        <line num="116" count="93" type="stmt"/>
        <line num="118" count="93" type="cond" truecount="1" falsecount="0"/>
        <line num="119" count="7" type="cond" truecount="3" falsecount="0"/>
        <line num="121" count="5" type="stmt"/>
        <line num="122" count="5" type="stmt"/>
        <line num="124" count="5" type="cond" truecount="1" falsecount="0"/>
        <line num="125" count="3" type="stmt"/>
        <line num="126" count="3" type="cond" truecount="1" falsecount="0"/>
        <line num="127" count="1" type="stmt"/>
        <line num="128" count="1" type="stmt"/>
        <line num="129" count="1" type="cond" truecount="0" falsecount="1"/>
        <line num="130" count="1" type="stmt"/>
        <line num="131" count="1" type="stmt"/>
        <line num="132" count="93" type="stmt"/>
        <line num="134" count="93" type="cond" truecount="1" falsecount="0"/>
        <line num="135" count="5" type="stmt"/>
        <line num="136" count="5" type="stmt"/>
        <line num="137" count="5" type="stmt"/>
        <line num="138" count="5" type="cond" truecount="1" falsecount="0"/>
        <line num="139" count="4" type="stmt"/>
        <line num="140" count="4" type="stmt"/>
        <line num="141" count="5" type="stmt"/>
        <line num="142" count="93" type="stmt"/>
        <line num="145" count="93" type="cond" truecount="1" falsecount="0"/>
        <line num="146" count="30" type="cond" truecount="1" falsecount="0"/>
        <line num="147" count="30" type="cond" truecount="1" falsecount="0"/>
        <line num="148" count="26" type="stmt"/>
        <line num="149" count="26" type="stmt"/>
        <line num="150" count="30" type="cond" truecount="1" falsecount="0"/>
        <line num="151" count="23" type="stmt"/>
        <line num="152" count="23" type="stmt"/>
        <line num="153" count="30" type="stmt"/>
        <line num="154" count="93" type="stmt"/>
        <line num="156" count="93" type="stmt"/>
        <line num="157" count="93" type="stmt"/>
        <line num="158" count="93" type="stmt"/>
        <line num="159" count="93" type="stmt"/>
        <line num="160" count="93" type="stmt"/>
        <line num="161" count="93" type="stmt"/>
        <line num="162" count="93" type="stmt"/>
      </file>
    </package>
    <package name="src.services">
      <metrics statements="32" coveredstatements="32" conditionals="13" coveredconditionals="13" methods="3" coveredmethods="3"/>
      <file name="api.ts" path="/Users/ark/Downloads/go-search/go-search/src/services/api.ts">
        <metrics statements="32" coveredstatements="32" conditionals="13" coveredconditionals="13" methods="3" coveredmethods="3"/>
        <line num="4" count="1" type="cond" truecount="1" falsecount="0"/>
        <line num="5" count="11" type="stmt"/>
        <line num="6" count="11" type="stmt"/>
        <line num="8" count="11" type="cond" truecount="1" falsecount="0"/>
        <line num="9" count="110" type="stmt"/>
        <line num="11" count="110" type="cond" truecount="2" falsecount="0"/>
        <line num="12" count="110" type="cond" truecount="1" falsecount="0"/>
        <line num="13" count="11" type="stmt"/>
        <line num="16" count="11" type="cond" truecount="1" falsecount="0"/>
        <line num="18" count="11" type="stmt"/>
        <line num="19" count="11" type="stmt"/>
        <line num="20" count="11" type="stmt"/>
        <line num="21" count="11" type="stmt"/>
        <line num="22" count="11" type="stmt"/>
        <line num="23" count="11" type="stmt"/>
        <line num="24" count="11" type="stmt"/>
        <line num="27" count="1" type="cond" truecount="2" falsecount="0"/>
        <line num="29" count="1" type="cond" truecount="1" falsecount="0"/>
        <line num="31" count="16" type="stmt"/>
        <line num="34" count="16" type="cond" truecount="1" falsecount="0"/>
        <line num="35" count="1" type="stmt"/>
        <line num="36" count="1" type="cond" truecount="1" falsecount="0"/>
        <line num="39" count="16" type="cond" truecount="1" falsecount="0"/>
        <line num="40" count="4" type="stmt"/>
        <line num="41" count="4" type="stmt"/>
        <line num="42" count="4" type="stmt"/>
        <line num="43" count="4" type="stmt"/>
        <line num="44" count="4" type="stmt"/>
        <line num="45" count="4" type="stmt"/>
        <line num="46" count="4" type="cond" truecount="1" falsecount="0"/>
        <line num="48" count="11" type="stmt"/>
        <line num="49" count="11" type="stmt"/>
      </file>
    </package>
    <package name="src.types">
      <metrics statements="0" coveredstatements="0" conditionals="1" coveredconditionals="1" methods="1" coveredmethods="1"/>
      <file name="index.ts" path="/Users/ark/Downloads/go-search/go-search/src/types/index.ts">
        <metrics statements="0" coveredstatements="0" conditionals="1" coveredconditionals="1" methods="1" coveredmethods="1"/>
      </file>
    </package>
  </project>
</coverage>
