{"/Users/ark/Downloads/go-search/go-search/src/App.tsx": {"path":"/Users/ark/Downloads/go-search/go-search/src/App.tsx","all":true,"statementMap":{"0":{"start":{"line":1,"column":0},"end":{"line":1,"column":52}},"2":{"start":{"line":3,"column":0},"end":{"line":3,"column":16}},"3":{"start":{"line":4,"column":0},"end":{"line":4,"column":23}},"4":{"start":{"line":5,"column":0},"end":{"line":5,"column":1}},"6":{"start":{"line":7,"column":0},"end":{"line":7,"column":18}}},"s":{"0":0,"2":0,"3":0,"4":0,"6":0},"branchMap":{"0":{"type":"branch","line":1,"loc":{"start":{"line":1,"column":116},"end":{"line":7,"column":18}},"locations":[{"start":{"line":1,"column":116},"end":{"line":7,"column":18}}]}},"b":{"0":[0]},"fnMap":{"0":{"name":"(empty-report)","decl":{"start":{"line":1,"column":116},"end":{"line":7,"column":18}},"loc":{"start":{"line":1,"column":116},"end":{"line":7,"column":18}},"line":1}},"f":{"0":0}}
,"/Users/ark/Downloads/go-search/go-search/src/main.tsx": {"path":"/Users/ark/Downloads/go-search/go-search/src/main.tsx","all":true,"statementMap":{"0":{"start":{"line":1,"column":0},"end":{"line":1,"column":34}},"1":{"start":{"line":2,"column":0},"end":{"line":2,"column":45}},"2":{"start":{"line":3,"column":0},"end":{"line":3,"column":20}},"3":{"start":{"line":4,"column":0},"end":{"line":4,"column":27}},"5":{"start":{"line":6,"column":0},"end":{"line":6,"column":52}},"6":{"start":{"line":7,"column":0},"end":{"line":7,"column":14}},"7":{"start":{"line":8,"column":0},"end":{"line":8,"column":11}},"8":{"start":{"line":9,"column":0},"end":{"line":9,"column":16}},"9":{"start":{"line":10,"column":0},"end":{"line":10,"column":1}}},"s":{"0":0,"1":0,"2":0,"3":0,"5":0,"6":0,"7":0,"8":0,"9":0},"branchMap":{"0":{"type":"branch","line":1,"loc":{"start":{"line":1,"column":203},"end":{"line":10,"column":-148}},"locations":[{"start":{"line":1,"column":203},"end":{"line":10,"column":-148}}]}},"b":{"0":[0]},"fnMap":{"0":{"name":"(empty-report)","decl":{"start":{"line":1,"column":203},"end":{"line":10,"column":-148}},"loc":{"start":{"line":1,"column":203},"end":{"line":10,"column":-148}},"line":1}},"f":{"0":0}}
,"/Users/ark/Downloads/go-search/go-search/src/components/ArticleCard.tsx": {"path":"/Users/ark/Downloads/go-search/go-search/src/components/ArticleCard.tsx","all":false,"statementMap":{"0":{"start":{"line":1,"column":0},"end":{"line":1,"column":26}},"2":{"start":{"line":3,"column":0},"end":{"line":3,"column":28}},"3":{"start":{"line":4,"column":0},"end":{"line":4,"column":47}},"10":{"start":{"line":11,"column":0},"end":{"line":11,"column":80}},"11":{"start":{"line":12,"column":0},"end":{"line":12,"column":10}},"12":{"start":{"line":13,"column":0},"end":{"line":13,"column":12}},"13":{"start":{"line":14,"column":0},"end":{"line":14,"column":22}},"14":{"start":{"line":15,"column":0},"end":{"line":15,"column":78}},"15":{"start":{"line":16,"column":0},"end":{"line":16,"column":85}},"16":{"start":{"line":17,"column":0},"end":{"line":17,"column":46}},"17":{"start":{"line":18,"column":0},"end":{"line":18,"column":26}},"18":{"start":{"line":19,"column":0},"end":{"line":19,"column":8}},"19":{"start":{"line":20,"column":0},"end":{"line":20,"column":14}},"20":{"start":{"line":21,"column":0},"end":{"line":21,"column":42}},"21":{"start":{"line":22,"column":0},"end":{"line":22,"column":33}},"22":{"start":{"line":23,"column":0},"end":{"line":23,"column":8}},"25":{"start":{"line":26,"column":0},"end":{"line":26,"column":185}},"27":{"start":{"line":28,"column":0},"end":{"line":28,"column":36}},"29":{"start":{"line":30,"column":0},"end":{"line":30,"column":53}},"30":{"start":{"line":31,"column":0},"end":{"line":31,"column":122}},"31":{"start":{"line":32,"column":0},"end":{"line":32,"column":58}},"32":{"start":{"line":33,"column":0},"end":{"line":33,"column":16}},"34":{"start":{"line":35,"column":0},"end":{"line":35,"column":42}},"35":{"start":{"line":36,"column":0},"end":{"line":36,"column":134}},"36":{"start":{"line":37,"column":0},"end":{"line":37,"column":29}},"37":{"start":{"line":38,"column":0},"end":{"line":38,"column":17}},"38":{"start":{"line":39,"column":0},"end":{"line":39,"column":58}},"39":{"start":{"line":40,"column":0},"end":{"line":40,"column":57}},"40":{"start":{"line":41,"column":0},"end":{"line":41,"column":82}},"41":{"start":{"line":42,"column":0},"end":{"line":42,"column":18}},"42":{"start":{"line":43,"column":0},"end":{"line":43,"column":16}},"43":{"start":{"line":44,"column":0},"end":{"line":44,"column":14}},"46":{"start":{"line":47,"column":0},"end":{"line":47,"column":79}},"47":{"start":{"line":48,"column":0},"end":{"line":48,"column":27}},"48":{"start":{"line":49,"column":0},"end":{"line":49,"column":12}},"51":{"start":{"line":52,"column":0},"end":{"line":52,"column":88}},"52":{"start":{"line":53,"column":0},"end":{"line":53,"column":51}},"53":{"start":{"line":54,"column":0},"end":{"line":54,"column":69}},"54":{"start":{"line":55,"column":0},"end":{"line":55,"column":80}},"55":{"start":{"line":56,"column":0},"end":{"line":56,"column":16}},"57":{"start":{"line":58,"column":0},"end":{"line":58,"column":131}},"59":{"start":{"line":60,"column":0},"end":{"line":60,"column":19}},"60":{"start":{"line":61,"column":0},"end":{"line":61,"column":14}},"61":{"start":{"line":62,"column":0},"end":{"line":62,"column":12}},"64":{"start":{"line":65,"column":0},"end":{"line":65,"column":163}},"65":{"start":{"line":66,"column":0},"end":{"line":66,"column":14}},"67":{"start":{"line":68,"column":0},"end":{"line":68,"column":2}}},"s":{"0":1,"2":1,"3":1,"10":1,"11":148,"12":148,"13":148,"14":148,"15":148,"16":148,"17":148,"18":148,"19":148,"20":148,"21":148,"22":148,"25":148,"27":148,"29":148,"30":148,"31":148,"32":148,"34":148,"35":148,"36":148,"37":148,"38":148,"39":148,"40":148,"41":148,"42":148,"43":148,"46":148,"47":148,"48":148,"51":148,"52":148,"53":148,"54":148,"55":148,"57":148,"59":148,"60":148,"61":148,"64":148,"65":148,"67":148},"branchMap":{"0":{"type":"branch","line":11,"loc":{"start":{"line":11,"column":55},"end":{"line":68,"column":2}},"locations":[{"start":{"line":11,"column":55},"end":{"line":68,"column":2}}]}},"b":{"0":[148]},"fnMap":{"0":{"name":"ArticleCard","decl":{"start":{"line":11,"column":55},"end":{"line":68,"column":2}},"loc":{"start":{"line":11,"column":55},"end":{"line":68,"column":2}},"line":11}},"f":{"0":148}}
,"/Users/ark/Downloads/go-search/go-search/src/components/ArticleList.tsx": {"path":"/Users/ark/Downloads/go-search/go-search/src/components/ArticleList.tsx","all":false,"statementMap":{"0":{"start":{"line":1,"column":0},"end":{"line":1,"column":26}},"2":{"start":{"line":3,"column":0},"end":{"line":3,"column":44}},"3":{"start":{"line":4,"column":0},"end":{"line":4,"column":44}},"4":{"start":{"line":5,"column":0},"end":{"line":5,"column":58}},"17":{"start":{"line":18,"column":0},"end":{"line":18,"column":57}},"18":{"start":{"line":19,"column":0},"end":{"line":19,"column":11}},"19":{"start":{"line":20,"column":0},"end":{"line":20,"column":10}},"20":{"start":{"line":21,"column":0},"end":{"line":21,"column":8}},"21":{"start":{"line":22,"column":0},"end":{"line":22,"column":10}},"22":{"start":{"line":23,"column":0},"end":{"line":23,"column":8}},"23":{"start":{"line":24,"column":0},"end":{"line":24,"column":8}},"24":{"start":{"line":25,"column":0},"end":{"line":25,"column":13}},"25":{"start":{"line":26,"column":0},"end":{"line":26,"column":10}},"26":{"start":{"line":27,"column":0},"end":{"line":27,"column":7}},"27":{"start":{"line":28,"column":0},"end":{"line":28,"column":57}},"28":{"start":{"line":29,"column":0},"end":{"line":29,"column":55}},"31":{"start":{"line":32,"column":0},"end":{"line":32,"column":61}},"32":{"start":{"line":33,"column":0},"end":{"line":33,"column":12}},"33":{"start":{"line":34,"column":0},"end":{"line":34,"column":41}},"34":{"start":{"line":35,"column":0},"end":{"line":35,"column":51}},"35":{"start":{"line":36,"column":0},"end":{"line":36,"column":50}},"36":{"start":{"line":37,"column":0},"end":{"line":37,"column":112}},"37":{"start":{"line":38,"column":0},"end":{"line":38,"column":45}},"38":{"start":{"line":39,"column":0},"end":{"line":39,"column":41}},"39":{"start":{"line":40,"column":0},"end":{"line":40,"column":51}},"40":{"start":{"line":41,"column":0},"end":{"line":41,"column":51}},"41":{"start":{"line":42,"column":0},"end":{"line":42,"column":18}},"42":{"start":{"line":43,"column":0},"end":{"line":43,"column":16}},"43":{"start":{"line":44,"column":0},"end":{"line":44,"column":71}},"44":{"start":{"line":45,"column":0},"end":{"line":45,"column":55}},"45":{"start":{"line":46,"column":0},"end":{"line":46,"column":104}},"46":{"start":{"line":47,"column":0},"end":{"line":47,"column":14}},"47":{"start":{"line":48,"column":0},"end":{"line":48,"column":14}},"48":{"start":{"line":49,"column":0},"end":{"line":49,"column":12}},"50":{"start":{"line":51,"column":0},"end":{"line":51,"column":3}},"52":{"start":{"line":53,"column":0},"end":{"line":53,"column":10}},"53":{"start":{"line":54,"column":0},"end":{"line":54,"column":36}},"55":{"start":{"line":56,"column":0},"end":{"line":56,"column":53}},"56":{"start":{"line":57,"column":0},"end":{"line":57,"column":47}},"57":{"start":{"line":58,"column":0},"end":{"line":58,"column":47}},"58":{"start":{"line":59,"column":0},"end":{"line":59,"column":49}},"59":{"start":{"line":60,"column":0},"end":{"line":60,"column":99}},"60":{"start":{"line":61,"column":0},"end":{"line":61,"column":17}},"61":{"start":{"line":62,"column":0},"end":{"line":62,"column":23}},"62":{"start":{"line":63,"column":0},"end":{"line":63,"column":50}},"63":{"start":{"line":64,"column":0},"end":{"line":64,"column":29}},"64":{"start":{"line":65,"column":0},"end":{"line":65,"column":18}},"66":{"start":{"line":67,"column":0},"end":{"line":67,"column":16}},"67":{"start":{"line":68,"column":0},"end":{"line":68,"column":14}},"71":{"start":{"line":72,"column":0},"end":{"line":72,"column":17}},"72":{"start":{"line":73,"column":0},"end":{"line":73,"column":72}},"73":{"start":{"line":74,"column":0},"end":{"line":74,"column":50}},"74":{"start":{"line":75,"column":0},"end":{"line":75,"column":81}},"75":{"start":{"line":76,"column":0},"end":{"line":76,"column":36}},"76":{"start":{"line":77,"column":0},"end":{"line":77,"column":70}},"78":{"start":{"line":79,"column":0},"end":{"line":79,"column":19}},"79":{"start":{"line":80,"column":0},"end":{"line":80,"column":58}},"80":{"start":{"line":81,"column":0},"end":{"line":81,"column":27}},"81":{"start":{"line":82,"column":0},"end":{"line":82,"column":23}},"82":{"start":{"line":83,"column":0},"end":{"line":83,"column":35}},"83":{"start":{"line":84,"column":0},"end":{"line":84,"column":134}},"84":{"start":{"line":85,"column":0},"end":{"line":85,"column":17}},"86":{"start":{"line":87,"column":0},"end":{"line":87,"column":25}},"88":{"start":{"line":89,"column":0},"end":{"line":89,"column":18}},"89":{"start":{"line":90,"column":0},"end":{"line":90,"column":16}},"90":{"start":{"line":91,"column":0},"end":{"line":91,"column":14}},"94":{"start":{"line":95,"column":0},"end":{"line":95,"column":76}},"95":{"start":{"line":96,"column":0},"end":{"line":96,"column":43}},"96":{"start":{"line":97,"column":0},"end":{"line":97,"column":22}},"97":{"start":{"line":98,"column":0},"end":{"line":98,"column":28}},"98":{"start":{"line":99,"column":0},"end":{"line":99,"column":29}},"99":{"start":{"line":100,"column":0},"end":{"line":100,"column":25}},"100":{"start":{"line":101,"column":0},"end":{"line":101,"column":12}},"101":{"start":{"line":102,"column":0},"end":{"line":102,"column":11}},"104":{"start":{"line":105,"column":0},"end":{"line":105,"column":27}},"105":{"start":{"line":106,"column":0},"end":{"line":106,"column":12}},"106":{"start":{"line":107,"column":0},"end":{"line":107,"column":58}},"107":{"start":{"line":108,"column":0},"end":{"line":108,"column":68}},"108":{"start":{"line":109,"column":0},"end":{"line":109,"column":15}},"109":{"start":{"line":110,"column":0},"end":{"line":110,"column":13}},"111":{"start":{"line":112,"column":0},"end":{"line":112,"column":12}},"114":{"start":{"line":115,"column":0},"end":{"line":115,"column":71}},"115":{"start":{"line":116,"column":0},"end":{"line":116,"column":43}},"116":{"start":{"line":117,"column":0},"end":{"line":117,"column":17}},"117":{"start":{"line":118,"column":0},"end":{"line":118,"column":32}},"118":{"start":{"line":119,"column":0},"end":{"line":119,"column":36}},"119":{"start":{"line":120,"column":0},"end":{"line":120,"column":40}},"121":{"start":{"line":122,"column":0},"end":{"line":122,"column":30}},"122":{"start":{"line":123,"column":0},"end":{"line":123,"column":16}},"123":{"start":{"line":124,"column":0},"end":{"line":124,"column":62}},"125":{"start":{"line":126,"column":0},"end":{"line":126,"column":17}},"127":{"start":{"line":128,"column":0},"end":{"line":128,"column":16}},"128":{"start":{"line":129,"column":0},"end":{"line":129,"column":34}},"130":{"start":{"line":131,"column":0},"end":{"line":131,"column":17}},"132":{"start":{"line":133,"column":0},"end":{"line":133,"column":19}},"133":{"start":{"line":134,"column":0},"end":{"line":134,"column":41}},"134":{"start":{"line":135,"column":0},"end":{"line":135,"column":42}},"135":{"start":{"line":136,"column":0},"end":{"line":136,"column":76}},"136":{"start":{"line":137,"column":0},"end":{"line":137,"column":16}},"138":{"start":{"line":139,"column":0},"end":{"line":139,"column":14}},"142":{"start":{"line":143,"column":0},"end":{"line":143,"column":55}},"143":{"start":{"line":144,"column":0},"end":{"line":144,"column":46}},"144":{"start":{"line":145,"column":0},"end":{"line":145,"column":46}},"145":{"start":{"line":146,"column":0},"end":{"line":146,"column":45}},"146":{"start":{"line":147,"column":0},"end":{"line":147,"column":112}},"147":{"start":{"line":148,"column":0},"end":{"line":148,"column":43}},"148":{"start":{"line":149,"column":0},"end":{"line":149,"column":20}},"149":{"start":{"line":150,"column":0},"end":{"line":150,"column":18}},"150":{"start":{"line":151,"column":0},"end":{"line":151,"column":43}},"151":{"start":{"line":152,"column":0},"end":{"line":152,"column":58}},"152":{"start":{"line":153,"column":0},"end":{"line":153,"column":16}},"153":{"start":{"line":154,"column":0},"end":{"line":154,"column":16}},"154":{"start":{"line":155,"column":0},"end":{"line":155,"column":14}},"156":{"start":{"line":157,"column":0},"end":{"line":157,"column":10}},"158":{"start":{"line":159,"column":0},"end":{"line":159,"column":2}}},"s":{"0":1,"2":1,"3":1,"4":1,"17":1,"18":39,"19":39,"20":39,"21":39,"22":39,"23":39,"24":39,"25":39,"26":39,"27":39,"28":39,"31":39,"32":4,"33":4,"34":4,"35":4,"36":4,"37":4,"38":4,"39":4,"40":4,"41":4,"42":4,"43":4,"44":4,"45":4,"46":4,"47":4,"48":4,"50":4,"52":35,"53":35,"55":39,"56":31,"57":31,"58":31,"59":31,"60":31,"61":31,"62":31,"63":31,"64":31,"66":31,"67":31,"71":39,"72":5,"73":5,"74":5,"75":5,"76":5,"78":5,"79":5,"80":5,"81":5,"82":5,"83":5,"84":5,"86":5,"88":5,"89":5,"90":5,"94":39,"95":39,"96":148,"97":148,"98":148,"99":148,"100":148,"101":39,"104":39,"105":1,"106":1,"107":6,"108":1,"109":1,"111":39,"114":39,"115":8,"116":8,"117":8,"118":8,"119":8,"121":8,"122":4,"123":4,"125":4,"127":4,"128":4,"130":4,"132":8,"133":8,"134":4,"135":4,"136":4,"138":8,"142":39,"143":23,"144":23,"145":23,"146":23,"147":23,"148":23,"149":23,"150":23,"151":23,"152":23,"153":23,"154":23,"156":39,"158":39},"branchMap":{"0":{"type":"branch","line":18,"loc":{"start":{"line":18,"column":55},"end":{"line":159,"column":2}},"locations":[{"start":{"line":18,"column":55},"end":{"line":159,"column":2}}]},"1":{"type":"branch","line":28,"loc":{"start":{"line":28,"column":24},"end":{"line":28,"column":57}},"locations":[{"start":{"line":28,"column":24},"end":{"line":28,"column":57}}]},"2":{"type":"branch","line":29,"loc":{"start":{"line":29,"column":24},"end":{"line":29,"column":55}},"locations":[{"start":{"line":29,"column":24},"end":{"line":29,"column":55}}]},"3":{"type":"branch","line":32,"loc":{"start":{"line":32,"column":6},"end":{"line":32,"column":40}},"locations":[{"start":{"line":32,"column":6},"end":{"line":32,"column":40}}]},"4":{"type":"branch","line":32,"loc":{"start":{"line":32,"column":35},"end":{"line":32,"column":52}},"locations":[{"start":{"line":32,"column":35},"end":{"line":32,"column":52}}]},"5":{"type":"branch","line":32,"loc":{"start":{"line":32,"column":41},"end":{"line":32,"column":60}},"locations":[{"start":{"line":32,"column":41},"end":{"line":32,"column":60}}]},"6":{"type":"branch","line":32,"loc":{"start":{"line":32,"column":60},"end":{"line":51,"column":3}},"locations":[{"start":{"line":32,"column":60},"end":{"line":51,"column":3}}]},"7":{"type":"branch","line":51,"loc":{"start":{"line":51,"column":2},"end":{"line":56,"column":31}},"locations":[{"start":{"line":51,"column":2},"end":{"line":56,"column":31}}]},"8":{"type":"branch","line":56,"loc":{"start":{"line":56,"column":26},"end":{"line":56,"column":43}},"locations":[{"start":{"line":56,"column":26},"end":{"line":56,"column":43}}]},"9":{"type":"branch","line":56,"loc":{"start":{"line":56,"column":31},"end":{"line":56,"column":53}},"locations":[{"start":{"line":56,"column":31},"end":{"line":56,"column":53}}]},"10":{"type":"branch","line":56,"loc":{"start":{"line":56,"column":43},"end":{"line":68,"column":14}},"locations":[{"start":{"line":56,"column":43},"end":{"line":68,"column":14}}]},"11":{"type":"branch","line":60,"loc":{"start":{"line":60,"column":23},"end":{"line":60,"column":89}},"locations":[{"start":{"line":60,"column":23},"end":{"line":60,"column":89}}]},"12":{"type":"branch","line":60,"loc":{"start":{"line":60,"column":72},"end":{"line":60,"column":82}},"locations":[{"start":{"line":60,"column":72},"end":{"line":60,"column":82}}]},"13":{"type":"branch","line":60,"loc":{"start":{"line":60,"column":76},"end":{"line":60,"column":84}},"locations":[{"start":{"line":60,"column":76},"end":{"line":60,"column":84}}]},"14":{"type":"branch","line":60,"loc":{"start":{"line":60,"column":84},"end":{"line":60,"column":99}},"locations":[{"start":{"line":60,"column":84},"end":{"line":60,"column":99}}]},"15":{"type":"branch","line":72,"loc":{"start":{"line":72,"column":7},"end":{"line":91,"column":14}},"locations":[{"start":{"line":72,"column":7},"end":{"line":91,"column":14}}]},"16":{"type":"branch","line":105,"loc":{"start":{"line":105,"column":9},"end":{"line":110,"column":13}},"locations":[{"start":{"line":105,"column":9},"end":{"line":110,"column":13}}]},"17":{"type":"branch","line":115,"loc":{"start":{"line":115,"column":8},"end":{"line":115,"column":37}},"locations":[{"start":{"line":115,"column":8},"end":{"line":115,"column":37}}]},"18":{"type":"branch","line":115,"loc":{"start":{"line":115,"column":19},"end":{"line":115,"column":60}},"locations":[{"start":{"line":115,"column":19},"end":{"line":115,"column":60}}]},"19":{"type":"branch","line":115,"loc":{"start":{"line":115,"column":55},"end":{"line":115,"column":71}},"locations":[{"start":{"line":115,"column":55},"end":{"line":115,"column":71}}]},"20":{"type":"branch","line":115,"loc":{"start":{"line":115,"column":61},"end":{"line":139,"column":14}},"locations":[{"start":{"line":115,"column":61},"end":{"line":139,"column":14}}]},"21":{"type":"branch","line":122,"loc":{"start":{"line":122,"column":13},"end":{"line":126,"column":17}},"locations":[{"start":{"line":122,"column":13},"end":{"line":126,"column":17}}]},"22":{"type":"branch","line":126,"loc":{"start":{"line":126,"column":14},"end":{"line":131,"column":17}},"locations":[{"start":{"line":126,"column":14},"end":{"line":131,"column":17}}]},"23":{"type":"branch","line":134,"loc":{"start":{"line":134,"column":11},"end":{"line":134,"column":41}},"locations":[{"start":{"line":134,"column":11},"end":{"line":134,"column":41}}]},"24":{"type":"branch","line":134,"loc":{"start":{"line":134,"column":23},"end":{"line":137,"column":16}},"locations":[{"start":{"line":134,"column":23},"end":{"line":137,"column":16}}]},"25":{"type":"branch","line":143,"loc":{"start":{"line":143,"column":8},"end":{"line":143,"column":42}},"locations":[{"start":{"line":143,"column":8},"end":{"line":143,"column":42}}]},"26":{"type":"branch","line":143,"loc":{"start":{"line":143,"column":37},"end":{"line":143,"column":55}},"locations":[{"start":{"line":143,"column":37},"end":{"line":143,"column":55}}]},"27":{"type":"branch","line":143,"loc":{"start":{"line":143,"column":43},"end":{"line":155,"column":14}},"locations":[{"start":{"line":143,"column":43},"end":{"line":155,"column":14}}]},"28":{"type":"branch","line":96,"loc":{"start":{"line":96,"column":22},"end":{"line":101,"column":12}},"locations":[{"start":{"line":96,"column":22},"end":{"line":101,"column":12}}]},"29":{"type":"branch","line":107,"loc":{"start":{"line":107,"column":43},"end":{"line":108,"column":68}},"locations":[{"start":{"line":107,"column":43},"end":{"line":108,"column":68}}]}},"b":{"0":[39],"1":[5],"2":[5],"3":[38],"4":[8],"5":[7],"6":[4],"7":[35],"8":[4],"9":[32],"10":[31],"11":[30],"12":[21],"13":[9],"14":[1],"15":[5],"16":[1],"17":[28],"18":[8],"19":[8],"20":[8],"21":[4],"22":[4],"23":[7],"24":[4],"25":[28],"26":[24],"27":[23],"28":[148],"29":[6]},"fnMap":{"0":{"name":"ArticleList","decl":{"start":{"line":18,"column":55},"end":{"line":159,"column":2}},"loc":{"start":{"line":18,"column":55},"end":{"line":159,"column":2}},"line":18}},"f":{"0":39}}
,"/Users/ark/Downloads/go-search/go-search/src/components/LoadingCard.tsx": {"path":"/Users/ark/Downloads/go-search/go-search/src/components/LoadingCard.tsx","all":false,"statementMap":{"0":{"start":{"line":1,"column":0},"end":{"line":1,"column":26}},"1":{"start":{"line":2,"column":0},"end":{"line":2,"column":28}},"7":{"start":{"line":8,"column":0},"end":{"line":8,"column":71}},"8":{"start":{"line":9,"column":0},"end":{"line":9,"column":10}},"9":{"start":{"line":10,"column":0},"end":{"line":10,"column":8}},"10":{"start":{"line":11,"column":0},"end":{"line":11,"column":22}},"11":{"start":{"line":12,"column":0},"end":{"line":12,"column":63}},"12":{"start":{"line":13,"column":0},"end":{"line":13,"column":25}},"13":{"start":{"line":14,"column":0},"end":{"line":14,"column":8}},"14":{"start":{"line":15,"column":0},"end":{"line":15,"column":14}},"15":{"start":{"line":16,"column":0},"end":{"line":16,"column":43}},"16":{"start":{"line":17,"column":0},"end":{"line":17,"column":33}},"17":{"start":{"line":18,"column":0},"end":{"line":18,"column":8}},"19":{"start":{"line":20,"column":0},"end":{"line":20,"column":27}},"21":{"start":{"line":22,"column":0},"end":{"line":22,"column":53}},"22":{"start":{"line":23,"column":0},"end":{"line":23,"column":76}},"23":{"start":{"line":24,"column":0},"end":{"line":24,"column":59}},"24":{"start":{"line":25,"column":0},"end":{"line":25,"column":16}},"26":{"start":{"line":27,"column":0},"end":{"line":27,"column":42}},"27":{"start":{"line":28,"column":0},"end":{"line":28,"column":39}},"28":{"start":{"line":29,"column":0},"end":{"line":29,"column":90}},"29":{"start":{"line":30,"column":0},"end":{"line":30,"column":90}},"30":{"start":{"line":31,"column":0},"end":{"line":31,"column":18}},"31":{"start":{"line":32,"column":0},"end":{"line":32,"column":16}},"32":{"start":{"line":33,"column":0},"end":{"line":33,"column":14}},"35":{"start":{"line":36,"column":0},"end":{"line":36,"column":40}},"36":{"start":{"line":37,"column":0},"end":{"line":37,"column":61}},"37":{"start":{"line":38,"column":0},"end":{"line":38,"column":86}},"38":{"start":{"line":39,"column":0},"end":{"line":39,"column":86}},"39":{"start":{"line":40,"column":0},"end":{"line":40,"column":14}},"42":{"start":{"line":43,"column":0},"end":{"line":43,"column":88}},"43":{"start":{"line":44,"column":0},"end":{"line":44,"column":51}},"44":{"start":{"line":45,"column":0},"end":{"line":45,"column":72}},"45":{"start":{"line":46,"column":0},"end":{"line":46,"column":68}},"46":{"start":{"line":47,"column":0},"end":{"line":47,"column":16}},"48":{"start":{"line":49,"column":0},"end":{"line":49,"column":66}},"49":{"start":{"line":50,"column":0},"end":{"line":50,"column":14}},"50":{"start":{"line":51,"column":0},"end":{"line":51,"column":12}},"51":{"start":{"line":52,"column":0},"end":{"line":52,"column":10}},"53":{"start":{"line":54,"column":0},"end":{"line":54,"column":2}}},"s":{"0":1,"1":1,"7":1,"8":6,"9":6,"10":6,"11":6,"12":6,"13":6,"14":6,"15":6,"16":6,"17":6,"19":6,"21":6,"22":6,"23":6,"24":6,"26":6,"27":6,"28":6,"29":6,"30":6,"31":6,"32":6,"35":6,"36":6,"37":6,"38":6,"39":6,"42":6,"43":6,"44":6,"45":6,"46":6,"48":6,"49":6,"50":6,"51":6,"53":6},"branchMap":{"0":{"type":"branch","line":8,"loc":{"start":{"line":8,"column":55},"end":{"line":54,"column":2}},"locations":[{"start":{"line":8,"column":55},"end":{"line":54,"column":2}}]}},"b":{"0":[6]},"fnMap":{"0":{"name":"LoadingCard","decl":{"start":{"line":8,"column":55},"end":{"line":54,"column":2}},"loc":{"start":{"line":8,"column":55},"end":{"line":54,"column":2}},"line":8}},"f":{"0":6}}
,"/Users/ark/Downloads/go-search/go-search/src/components/SearchInput.tsx": {"path":"/Users/ark/Downloads/go-search/go-search/src/components/SearchInput.tsx","all":false,"statementMap":{"0":{"start":{"line":1,"column":0},"end":{"line":1,"column":59}},"1":{"start":{"line":2,"column":0},"end":{"line":2,"column":50}},"11":{"start":{"line":12,"column":0},"end":{"line":12,"column":57}},"12":{"start":{"line":13,"column":0},"end":{"line":13,"column":11}},"13":{"start":{"line":14,"column":0},"end":{"line":14,"column":10}},"14":{"start":{"line":15,"column":0},"end":{"line":15,"column":18}},"15":{"start":{"line":16,"column":0},"end":{"line":16,"column":37}},"16":{"start":{"line":17,"column":0},"end":{"line":17,"column":12}},"17":{"start":{"line":18,"column":0},"end":{"line":18,"column":7}},"18":{"start":{"line":19,"column":0},"end":{"line":19,"column":41}},"19":{"start":{"line":20,"column":0},"end":{"line":20,"column":43}},"20":{"start":{"line":21,"column":0},"end":{"line":21,"column":50}},"22":{"start":{"line":23,"column":0},"end":{"line":23,"column":19}},"23":{"start":{"line":24,"column":0},"end":{"line":24,"column":20}},"24":{"start":{"line":25,"column":0},"end":{"line":25,"column":24}},"26":{"start":{"line":27,"column":0},"end":{"line":27,"column":29}},"27":{"start":{"line":28,"column":0},"end":{"line":28,"column":17}},"28":{"start":{"line":29,"column":0},"end":{"line":29,"column":14}},"29":{"start":{"line":30,"column":0},"end":{"line":30,"column":30}},"30":{"start":{"line":31,"column":0},"end":{"line":31,"column":4}},"32":{"start":{"line":33,"column":0},"end":{"line":33,"column":53}},"33":{"start":{"line":34,"column":0},"end":{"line":34,"column":29}},"34":{"start":{"line":35,"column":0},"end":{"line":35,"column":20}},"35":{"start":{"line":36,"column":0},"end":{"line":36,"column":5}},"38":{"start":{"line":39,"column":0},"end":{"line":39,"column":28}},"39":{"start":{"line":40,"column":0},"end":{"line":40,"column":25}},"41":{"start":{"line":42,"column":0},"end":{"line":42,"column":22}},"42":{"start":{"line":43,"column":0},"end":{"line":43,"column":5}},"43":{"start":{"line":44,"column":0},"end":{"line":44,"column":4}},"45":{"start":{"line":46,"column":0},"end":{"line":46,"column":10}},"46":{"start":{"line":47,"column":0},"end":{"line":47,"column":102}},"47":{"start":{"line":48,"column":0},"end":{"line":48,"column":35}},"48":{"start":{"line":49,"column":0},"end":{"line":49,"column":20}},"49":{"start":{"line":50,"column":0},"end":{"line":50,"column":76}},"51":{"start":{"line":52,"column":0},"end":{"line":52,"column":46}},"53":{"start":{"line":54,"column":0},"end":{"line":54,"column":12}},"55":{"start":{"line":56,"column":0},"end":{"line":56,"column":12}},"56":{"start":{"line":57,"column":0},"end":{"line":57,"column":22}},"57":{"start":{"line":58,"column":0},"end":{"line":58,"column":19}},"58":{"start":{"line":59,"column":0},"end":{"line":59,"column":21}},"59":{"start":{"line":60,"column":0},"end":{"line":60,"column":50}},"60":{"start":{"line":61,"column":0},"end":{"line":61,"column":42}},"61":{"start":{"line":62,"column":0},"end":{"line":62,"column":42}},"62":{"start":{"line":63,"column":0},"end":{"line":63,"column":33}},"63":{"start":{"line":64,"column":0},"end":{"line":64,"column":33}},"64":{"start":{"line":65,"column":0},"end":{"line":65,"column":32}},"65":{"start":{"line":66,"column":0},"end":{"line":66,"column":8}},"67":{"start":{"line":68,"column":0},"end":{"line":68,"column":17}},"68":{"start":{"line":69,"column":0},"end":{"line":69,"column":15}},"69":{"start":{"line":70,"column":0},"end":{"line":70,"column":31}},"70":{"start":{"line":71,"column":0},"end":{"line":71,"column":38}},"71":{"start":{"line":72,"column":0},"end":{"line":72,"column":35}},"73":{"start":{"line":74,"column":0},"end":{"line":74,"column":57}},"74":{"start":{"line":75,"column":0},"end":{"line":75,"column":17}},"77":{"start":{"line":78,"column":0},"end":{"line":78,"column":10}},"79":{"start":{"line":80,"column":0},"end":{"line":80,"column":2}}},"s":{"0":1,"1":1,"11":1,"12":252,"13":252,"14":252,"15":252,"16":252,"17":252,"18":252,"19":252,"20":252,"22":252,"23":199,"24":252,"26":252,"27":7,"28":7,"29":7,"30":7,"32":252,"33":172,"34":3,"35":3,"38":172,"39":11,"41":11,"42":11,"43":172,"45":252,"46":252,"47":252,"48":252,"49":2,"51":250,"53":252,"55":252,"56":252,"57":252,"58":252,"59":252,"60":252,"61":252,"62":252,"63":252,"64":252,"65":252,"67":252,"68":185,"69":185,"70":185,"71":185,"73":185,"74":185,"77":252,"79":252},"branchMap":{"0":{"type":"branch","line":12,"loc":{"start":{"line":12,"column":55},"end":{"line":80,"column":2}},"locations":[{"start":{"line":12,"column":55},"end":{"line":80,"column":2}}]},"1":{"type":"branch","line":47,"loc":{"start":{"line":47,"column":46},"end":{"line":47,"column":61}},"locations":[{"start":{"line":47,"column":46},"end":{"line":47,"column":61}}]},"2":{"type":"branch","line":49,"loc":{"start":{"line":49,"column":9},"end":{"line":50,"column":76}},"locations":[{"start":{"line":49,"column":9},"end":{"line":50,"column":76}}]},"3":{"type":"branch","line":50,"loc":{"start":{"line":50,"column":74},"end":{"line":52,"column":46}},"locations":[{"start":{"line":50,"column":74},"end":{"line":52,"column":46}}]},"4":{"type":"branch","line":68,"loc":{"start":{"line":68,"column":7},"end":{"line":75,"column":17}},"locations":[{"start":{"line":68,"column":7},"end":{"line":75,"column":17}}]},"5":{"type":"branch","line":23,"loc":{"start":{"line":23,"column":12},"end":{"line":25,"column":5}},"locations":[{"start":{"line":23,"column":12},"end":{"line":25,"column":5}}]},"6":{"type":"branch","line":27,"loc":{"start":{"line":27,"column":22},"end":{"line":31,"column":4}},"locations":[{"start":{"line":27,"column":22},"end":{"line":31,"column":4}}]},"7":{"type":"branch","line":33,"loc":{"start":{"line":33,"column":24},"end":{"line":44,"column":4}},"locations":[{"start":{"line":33,"column":24},"end":{"line":44,"column":4}}]},"8":{"type":"branch","line":34,"loc":{"start":{"line":34,"column":28},"end":{"line":36,"column":5}},"locations":[{"start":{"line":34,"column":28},"end":{"line":36,"column":5}}]},"9":{"type":"branch","line":39,"loc":{"start":{"line":39,"column":27},"end":{"line":43,"column":5}},"locations":[{"start":{"line":39,"column":27},"end":{"line":43,"column":5}}]},"10":{"type":"branch","line":60,"loc":{"start":{"line":60,"column":18},"end":{"line":60,"column":50}},"locations":[{"start":{"line":60,"column":18},"end":{"line":60,"column":50}}]},"11":{"type":"branch","line":61,"loc":{"start":{"line":61,"column":17},"end":{"line":61,"column":42}},"locations":[{"start":{"line":61,"column":17},"end":{"line":61,"column":42}}]},"12":{"type":"branch","line":62,"loc":{"start":{"line":62,"column":16},"end":{"line":62,"column":42}},"locations":[{"start":{"line":62,"column":16},"end":{"line":62,"column":42}}]}},"b":{"0":[252],"1":[251],"2":[2],"3":[250],"4":[185],"5":[199],"6":[7],"7":[172],"8":[3],"9":[11],"10":[161],"11":[29],"12":[9]},"fnMap":{"0":{"name":"SearchInput","decl":{"start":{"line":12,"column":55},"end":{"line":80,"column":2}},"loc":{"start":{"line":12,"column":55},"end":{"line":80,"column":2}},"line":12},"1":{"name":"handleClear","decl":{"start":{"line":27,"column":22},"end":{"line":31,"column":4}},"loc":{"start":{"line":27,"column":22},"end":{"line":31,"column":4}},"line":27},"2":{"name":"handleKeyDown","decl":{"start":{"line":33,"column":24},"end":{"line":44,"column":4}},"loc":{"start":{"line":33,"column":24},"end":{"line":44,"column":4}},"line":33},"3":{"name":"onChange","decl":{"start":{"line":60,"column":18},"end":{"line":60,"column":50}},"loc":{"start":{"line":60,"column":18},"end":{"line":60,"column":50}},"line":60},"4":{"name":"onFocus","decl":{"start":{"line":61,"column":17},"end":{"line":61,"column":42}},"loc":{"start":{"line":61,"column":17},"end":{"line":61,"column":42}},"line":61},"5":{"name":"onBlur","decl":{"start":{"line":62,"column":16},"end":{"line":62,"column":42}},"loc":{"start":{"line":62,"column":16},"end":{"line":62,"column":42}},"line":62}},"f":{"0":252,"1":7,"2":172,"3":161,"4":29,"5":9}}
,"/Users/ark/Downloads/go-search/go-search/src/components/SearchPage.tsx": {"path":"/Users/ark/Downloads/go-search/go-search/src/components/SearchPage.tsx","all":false,"statementMap":{"0":{"start":{"line":1,"column":0},"end":{"line":1,"column":26}},"1":{"start":{"line":2,"column":0},"end":{"line":2,"column":44}},"2":{"start":{"line":3,"column":0},"end":{"line":3,"column":44}},"3":{"start":{"line":4,"column":0},"end":{"line":4,"column":47}},"5":{"start":{"line":6,"column":0},"end":{"line":6,"column":43}},"6":{"start":{"line":7,"column":0},"end":{"line":7,"column":9}},"7":{"start":{"line":8,"column":0},"end":{"line":8,"column":13}},"8":{"start":{"line":9,"column":0},"end":{"line":9,"column":12}},"9":{"start":{"line":10,"column":0},"end":{"line":10,"column":10}},"10":{"start":{"line":11,"column":0},"end":{"line":11,"column":12}},"11":{"start":{"line":12,"column":0},"end":{"line":12,"column":10}},"12":{"start":{"line":13,"column":0},"end":{"line":13,"column":10}},"13":{"start":{"line":14,"column":0},"end":{"line":14,"column":11}},"14":{"start":{"line":15,"column":0},"end":{"line":15,"column":13}},"15":{"start":{"line":16,"column":0},"end":{"line":16,"column":16}},"16":{"start":{"line":17,"column":0},"end":{"line":17,"column":18}},"18":{"start":{"line":19,"column":0},"end":{"line":19,"column":29}},"19":{"start":{"line":20,"column":0},"end":{"line":20,"column":16}},"20":{"start":{"line":21,"column":0},"end":{"line":21,"column":23}},"21":{"start":{"line":22,"column":0},"end":{"line":22,"column":5}},"22":{"start":{"line":23,"column":0},"end":{"line":23,"column":4}},"24":{"start":{"line":25,"column":0},"end":{"line":25,"column":70}},"26":{"start":{"line":27,"column":0},"end":{"line":27,"column":10}},"27":{"start":{"line":28,"column":0},"end":{"line":28,"column":33}},"28":{"start":{"line":29,"column":0},"end":{"line":29,"column":40}},"29":{"start":{"line":30,"column":0},"end":{"line":30,"column":47}},"30":{"start":{"line":31,"column":0},"end":{"line":31,"column":40}},"31":{"start":{"line":32,"column":0},"end":{"line":32,"column":60}},"32":{"start":{"line":33,"column":0},"end":{"line":33,"column":67}},"33":{"start":{"line":34,"column":0},"end":{"line":34,"column":16}},"35":{"start":{"line":36,"column":0},"end":{"line":36,"column":48}},"36":{"start":{"line":37,"column":0},"end":{"line":37,"column":24}},"37":{"start":{"line":38,"column":0},"end":{"line":38,"column":31}},"38":{"start":{"line":39,"column":0},"end":{"line":39,"column":35}},"39":{"start":{"line":40,"column":0},"end":{"line":40,"column":56}},"40":{"start":{"line":41,"column":0},"end":{"line":41,"column":46}},"41":{"start":{"line":42,"column":0},"end":{"line":42,"column":14}},"42":{"start":{"line":43,"column":0},"end":{"line":43,"column":16}},"43":{"start":{"line":44,"column":0},"end":{"line":44,"column":14}},"44":{"start":{"line":45,"column":0},"end":{"line":45,"column":15}},"46":{"start":{"line":47,"column":0},"end":{"line":47,"column":36}},"47":{"start":{"line":48,"column":0},"end":{"line":48,"column":40}},"48":{"start":{"line":49,"column":0},"end":{"line":49,"column":25}},"49":{"start":{"line":50,"column":0},"end":{"line":50,"column":24}},"50":{"start":{"line":51,"column":0},"end":{"line":51,"column":33}},"51":{"start":{"line":52,"column":0},"end":{"line":52,"column":31}},"52":{"start":{"line":53,"column":0},"end":{"line":53,"column":27}},"53":{"start":{"line":54,"column":0},"end":{"line":54,"column":31}},"54":{"start":{"line":55,"column":0},"end":{"line":55,"column":27}},"55":{"start":{"line":56,"column":0},"end":{"line":56,"column":27}},"56":{"start":{"line":57,"column":0},"end":{"line":57,"column":35}},"57":{"start":{"line":58,"column":0},"end":{"line":58,"column":35}},"58":{"start":{"line":59,"column":0},"end":{"line":59,"column":14}},"60":{"start":{"line":61,"column":0},"end":{"line":61,"column":48}},"61":{"start":{"line":62,"column":0},"end":{"line":62,"column":52}},"62":{"start":{"line":63,"column":0},"end":{"line":63,"column":51}},"63":{"start":{"line":64,"column":0},"end":{"line":64,"column":118}},"64":{"start":{"line":65,"column":0},"end":{"line":65,"column":51}},"65":{"start":{"line":66,"column":0},"end":{"line":66,"column":47}},"66":{"start":{"line":67,"column":0},"end":{"line":67,"column":24}},"67":{"start":{"line":68,"column":0},"end":{"line":68,"column":22}},"68":{"start":{"line":69,"column":0},"end":{"line":69,"column":71}},"69":{"start":{"line":70,"column":0},"end":{"line":70,"column":56}},"71":{"start":{"line":72,"column":0},"end":{"line":72,"column":20}},"72":{"start":{"line":73,"column":0},"end":{"line":73,"column":20}},"73":{"start":{"line":74,"column":0},"end":{"line":74,"column":18}},"75":{"start":{"line":76,"column":0},"end":{"line":76,"column":14}},"76":{"start":{"line":77,"column":0},"end":{"line":77,"column":13}},"77":{"start":{"line":78,"column":0},"end":{"line":78,"column":10}},"79":{"start":{"line":80,"column":0},"end":{"line":80,"column":2}}},"s":{"0":1,"1":1,"2":1,"3":1,"5":1,"6":67,"7":67,"8":67,"9":67,"10":67,"11":67,"12":67,"13":67,"14":67,"15":67,"16":67,"18":67,"19":1,"20":1,"21":1,"22":1,"24":67,"26":67,"27":67,"28":67,"29":67,"30":67,"31":67,"32":67,"33":67,"35":67,"36":67,"37":67,"38":67,"39":67,"40":67,"41":67,"42":67,"43":67,"44":67,"46":67,"47":67,"48":67,"49":19,"50":19,"51":19,"52":19,"53":19,"54":19,"55":19,"56":19,"57":19,"58":19,"60":48,"61":48,"62":48,"63":48,"64":48,"65":48,"66":48,"67":48,"68":48,"69":48,"71":48,"72":48,"73":48,"75":67,"76":67,"77":67,"79":67},"branchMap":{"0":{"type":"branch","line":6,"loc":{"start":{"line":6,"column":36},"end":{"line":80,"column":2}},"locations":[{"start":{"line":6,"column":36},"end":{"line":80,"column":2}}]},"1":{"type":"branch","line":25,"loc":{"start":{"line":25,"column":39},"end":{"line":25,"column":55}},"locations":[{"start":{"line":25,"column":39},"end":{"line":25,"column":55}}]},"2":{"type":"branch","line":25,"loc":{"start":{"line":25,"column":44},"end":{"line":25,"column":64}},"locations":[{"start":{"line":25,"column":44},"end":{"line":25,"column":64}}]},"3":{"type":"branch","line":25,"loc":{"start":{"line":25,"column":55},"end":{"line":25,"column":70}},"locations":[{"start":{"line":25,"column":55},"end":{"line":25,"column":70}}]},"4":{"type":"branch","line":40,"loc":{"start":{"line":40,"column":23},"end":{"line":40,"column":56}},"locations":[{"start":{"line":40,"column":23},"end":{"line":40,"column":56}}]},"5":{"type":"branch","line":49,"loc":{"start":{"line":49,"column":11},"end":{"line":59,"column":14}},"locations":[{"start":{"line":49,"column":11},"end":{"line":59,"column":14}}]},"6":{"type":"branch","line":59,"loc":{"start":{"line":59,"column":12},"end":{"line":74,"column":18}},"locations":[{"start":{"line":59,"column":12},"end":{"line":74,"column":18}}]},"7":{"type":"branch","line":19,"loc":{"start":{"line":19,"column":22},"end":{"line":23,"column":4}},"locations":[{"start":{"line":19,"column":22},"end":{"line":23,"column":4}}]}},"b":{"0":[67],"1":[54],"2":[53],"3":[50],"4":[3],"5":[19],"6":[48],"7":[1]},"fnMap":{"0":{"name":"SearchPage","decl":{"start":{"line":6,"column":36},"end":{"line":80,"column":2}},"loc":{"start":{"line":6,"column":36},"end":{"line":80,"column":2}},"line":6},"1":{"name":"handleRetry","decl":{"start":{"line":19,"column":22},"end":{"line":23,"column":4}},"loc":{"start":{"line":19,"column":22},"end":{"line":23,"column":4}},"line":19}},"f":{"0":67,"1":1}}
,"/Users/ark/Downloads/go-search/go-search/src/hooks/useSearch.ts": {"path":"/Users/ark/Downloads/go-search/go-search/src/hooks/useSearch.ts","all":false,"statementMap":{"0":{"start":{"line":1,"column":0},"end":{"line":1,"column":67}},"2":{"start":{"line":3,"column":0},"end":{"line":3,"column":49}},"4":{"start":{"line":5,"column":0},"end":{"line":5,"column":35}},"5":{"start":{"line":6,"column":0},"end":{"line":6,"column":15}},"6":{"start":{"line":7,"column":0},"end":{"line":7,"column":17}},"7":{"start":{"line":8,"column":0},"end":{"line":8,"column":14}},"8":{"start":{"line":9,"column":0},"end":{"line":9,"column":17}},"9":{"start":{"line":10,"column":0},"end":{"line":10,"column":17}},"10":{"start":{"line":11,"column":0},"end":{"line":11,"column":12}},"11":{"start":{"line":12,"column":0},"end":{"line":12,"column":11}},"12":{"start":{"line":13,"column":0},"end":{"line":13,"column":2}},"14":{"start":{"line":15,"column":0},"end":{"line":15,"column":82}},"15":{"start":{"line":16,"column":0},"end":{"line":16,"column":24}},"16":{"start":{"line":17,"column":0},"end":{"line":17,"column":24}},"17":{"start":{"line":18,"column":0},"end":{"line":18,"column":14}},"18":{"start":{"line":19,"column":0},"end":{"line":19,"column":17}},"19":{"start":{"line":20,"column":0},"end":{"line":20,"column":22}},"20":{"start":{"line":21,"column":0},"end":{"line":21,"column":20}},"21":{"start":{"line":22,"column":0},"end":{"line":22,"column":36}},"22":{"start":{"line":23,"column":0},"end":{"line":23,"column":72}},"23":{"start":{"line":24,"column":0},"end":{"line":24,"column":67}},"24":{"start":{"line":25,"column":0},"end":{"line":25,"column":8}},"26":{"start":{"line":27,"column":0},"end":{"line":27,"column":26}},"27":{"start":{"line":28,"column":0},"end":{"line":28,"column":14}},"28":{"start":{"line":29,"column":0},"end":{"line":29,"column":17}},"29":{"start":{"line":30,"column":0},"end":{"line":30,"column":23}},"30":{"start":{"line":31,"column":0},"end":{"line":31,"column":38}},"31":{"start":{"line":32,"column":0},"end":{"line":32,"column":41}},"32":{"start":{"line":33,"column":0},"end":{"line":33,"column":36}},"33":{"start":{"line":34,"column":0},"end":{"line":34,"column":86}},"34":{"start":{"line":35,"column":0},"end":{"line":35,"column":20}},"35":{"start":{"line":36,"column":0},"end":{"line":36,"column":8}},"37":{"start":{"line":38,"column":0},"end":{"line":38,"column":24}},"38":{"start":{"line":39,"column":0},"end":{"line":39,"column":14}},"39":{"start":{"line":40,"column":0},"end":{"line":40,"column":17}},"40":{"start":{"line":41,"column":0},"end":{"line":41,"column":23}},"41":{"start":{"line":42,"column":0},"end":{"line":42,"column":30}},"42":{"start":{"line":43,"column":0},"end":{"line":43,"column":8}},"44":{"start":{"line":45,"column":0},"end":{"line":45,"column":27}},"45":{"start":{"line":46,"column":0},"end":{"line":46,"column":14}},"46":{"start":{"line":47,"column":0},"end":{"line":47,"column":17}},"47":{"start":{"line":48,"column":0},"end":{"line":48,"column":22}},"48":{"start":{"line":49,"column":0},"end":{"line":49,"column":20}},"49":{"start":{"line":50,"column":0},"end":{"line":50,"column":8}},"51":{"start":{"line":52,"column":0},"end":{"line":52,"column":29}},"52":{"start":{"line":53,"column":0},"end":{"line":53,"column":14}},"53":{"start":{"line":54,"column":0},"end":{"line":54,"column":17}},"54":{"start":{"line":55,"column":0},"end":{"line":55,"column":23}},"55":{"start":{"line":56,"column":0},"end":{"line":56,"column":62}},"56":{"start":{"line":57,"column":0},"end":{"line":57,"column":41}},"57":{"start":{"line":58,"column":0},"end":{"line":58,"column":86}},"58":{"start":{"line":59,"column":0},"end":{"line":59,"column":20}},"59":{"start":{"line":60,"column":0},"end":{"line":60,"column":8}},"61":{"start":{"line":62,"column":0},"end":{"line":62,"column":27}},"62":{"start":{"line":63,"column":0},"end":{"line":63,"column":14}},"63":{"start":{"line":64,"column":0},"end":{"line":64,"column":17}},"64":{"start":{"line":65,"column":0},"end":{"line":65,"column":23}},"65":{"start":{"line":66,"column":0},"end":{"line":66,"column":30}},"66":{"start":{"line":67,"column":0},"end":{"line":67,"column":8}},"68":{"start":{"line":69,"column":0},"end":{"line":69,"column":24}},"69":{"start":{"line":70,"column":0},"end":{"line":70,"column":26}},"71":{"start":{"line":72,"column":0},"end":{"line":72,"column":12}},"72":{"start":{"line":73,"column":0},"end":{"line":73,"column":19}},"73":{"start":{"line":74,"column":0},"end":{"line":74,"column":3}},"74":{"start":{"line":75,"column":0},"end":{"line":75,"column":2}},"76":{"start":{"line":77,"column":0},"end":{"line":77,"column":32}},"77":{"start":{"line":78,"column":0},"end":{"line":78,"column":68}},"78":{"start":{"line":79,"column":0},"end":{"line":79,"column":73}},"79":{"start":{"line":80,"column":0},"end":{"line":80,"column":65}},"81":{"start":{"line":82,"column":0},"end":{"line":82,"column":81}},"83":{"start":{"line":84,"column":0},"end":{"line":84,"column":35}},"84":{"start":{"line":85,"column":0},"end":{"line":85,"column":45}},"85":{"start":{"line":86,"column":0},"end":{"line":86,"column":5}},"88":{"start":{"line":89,"column":0},"end":{"line":89,"column":36}},"89":{"start":{"line":90,"column":0},"end":{"line":90,"column":40}},"90":{"start":{"line":91,"column":0},"end":{"line":91,"column":5}},"92":{"start":{"line":93,"column":0},"end":{"line":93,"column":24}},"93":{"start":{"line":94,"column":0},"end":{"line":94,"column":41}},"94":{"start":{"line":95,"column":0},"end":{"line":95,"column":13}},"95":{"start":{"line":96,"column":0},"end":{"line":96,"column":5}},"97":{"start":{"line":98,"column":0},"end":{"line":98,"column":55}},"98":{"start":{"line":99,"column":0},"end":{"line":99,"column":11}},"99":{"start":{"line":100,"column":0},"end":{"line":100,"column":82}},"101":{"start":{"line":102,"column":0},"end":{"line":102,"column":54}},"102":{"start":{"line":103,"column":0},"end":{"line":103,"column":52}},"104":{"start":{"line":105,"column":0},"end":{"line":105,"column":56}},"106":{"start":{"line":107,"column":0},"end":{"line":107,"column":46}},"107":{"start":{"line":108,"column":0},"end":{"line":108,"column":66}},"108":{"start":{"line":109,"column":0},"end":{"line":109,"column":9}},"109":{"start":{"line":110,"column":0},"end":{"line":110,"column":23}},"110":{"start":{"line":111,"column":0},"end":{"line":111,"column":68}},"111":{"start":{"line":112,"column":0},"end":{"line":112,"column":69}},"112":{"start":{"line":113,"column":0},"end":{"line":113,"column":9}},"113":{"start":{"line":114,"column":0},"end":{"line":114,"column":7}},"114":{"start":{"line":115,"column":0},"end":{"line":115,"column":19}},"115":{"start":{"line":116,"column":0},"end":{"line":116,"column":9}},"117":{"start":{"line":118,"column":0},"end":{"line":118,"column":44}},"118":{"start":{"line":119,"column":0},"end":{"line":119,"column":48}},"120":{"start":{"line":121,"column":0},"end":{"line":121,"column":9}},"121":{"start":{"line":122,"column":0},"end":{"line":122,"column":44}},"123":{"start":{"line":124,"column":0},"end":{"line":124,"column":80}},"124":{"start":{"line":125,"column":0},"end":{"line":125,"column":65}},"125":{"start":{"line":126,"column":0},"end":{"line":126,"column":21}},"126":{"start":{"line":127,"column":0},"end":{"line":127,"column":16}},"127":{"start":{"line":128,"column":0},"end":{"line":128,"column":32}},"128":{"start":{"line":129,"column":0},"end":{"line":129,"column":88}},"129":{"start":{"line":130,"column":0},"end":{"line":130,"column":9}},"130":{"start":{"line":131,"column":0},"end":{"line":131,"column":5}},"131":{"start":{"line":132,"column":0},"end":{"line":132,"column":69}},"133":{"start":{"line":134,"column":0},"end":{"line":134,"column":41}},"134":{"start":{"line":135,"column":0},"end":{"line":135,"column":35}},"135":{"start":{"line":136,"column":0},"end":{"line":136,"column":45}},"136":{"start":{"line":137,"column":0},"end":{"line":137,"column":5}},"137":{"start":{"line":138,"column":0},"end":{"line":138,"column":36}},"138":{"start":{"line":139,"column":0},"end":{"line":139,"column":40}},"139":{"start":{"line":140,"column":0},"end":{"line":140,"column":5}},"140":{"start":{"line":141,"column":0},"end":{"line":141,"column":39}},"141":{"start":{"line":142,"column":0},"end":{"line":142,"column":9}},"144":{"start":{"line":145,"column":0},"end":{"line":145,"column":19}},"145":{"start":{"line":146,"column":0},"end":{"line":146,"column":18}},"146":{"start":{"line":147,"column":0},"end":{"line":147,"column":37}},"147":{"start":{"line":148,"column":0},"end":{"line":148,"column":47}},"148":{"start":{"line":149,"column":0},"end":{"line":149,"column":7}},"149":{"start":{"line":150,"column":0},"end":{"line":150,"column":38}},"150":{"start":{"line":151,"column":0},"end":{"line":151,"column":42}},"151":{"start":{"line":152,"column":0},"end":{"line":152,"column":7}},"152":{"start":{"line":153,"column":0},"end":{"line":153,"column":6}},"153":{"start":{"line":154,"column":0},"end":{"line":154,"column":9}},"155":{"start":{"line":156,"column":0},"end":{"line":156,"column":10}},"156":{"start":{"line":157,"column":0},"end":{"line":157,"column":13}},"157":{"start":{"line":158,"column":0},"end":{"line":158,"column":11}},"158":{"start":{"line":159,"column":0},"end":{"line":159,"column":13}},"159":{"start":{"line":160,"column":0},"end":{"line":160,"column":16}},"160":{"start":{"line":161,"column":0},"end":{"line":161,"column":4}},"161":{"start":{"line":162,"column":0},"end":{"line":162,"column":2}}},"s":{"0":1,"2":1,"4":1,"5":1,"6":1,"7":1,"8":1,"9":1,"10":1,"11":1,"12":1,"14":1,"15":87,"16":87,"17":24,"18":24,"19":24,"20":24,"21":24,"22":24,"23":24,"24":24,"26":87,"27":17,"28":17,"29":17,"30":17,"31":17,"32":17,"33":17,"34":17,"35":17,"37":87,"38":5,"39":5,"40":5,"41":5,"42":5,"44":87,"45":5,"46":5,"47":5,"48":5,"49":5,"51":87,"52":3,"53":3,"54":3,"55":3,"56":3,"57":3,"58":3,"59":3,"61":87,"62":1,"63":1,"64":1,"65":1,"66":1,"68":87,"69":32,"71":87,"72":0,"73":87,"74":87,"76":1,"77":93,"78":93,"79":93,"81":93,"83":163,"84":118,"85":118,"88":163,"89":4,"90":4,"92":163,"93":27,"94":27,"95":27,"97":136,"98":24,"99":24,"101":24,"102":24,"104":24,"106":17,"107":17,"108":17,"109":24,"110":6,"111":5,"112":5,"113":6,"114":136,"115":93,"117":93,"118":7,"120":5,"121":5,"123":5,"124":3,"125":3,"126":1,"127":1,"128":1,"129":1,"130":1,"131":93,"133":93,"134":5,"135":5,"136":5,"137":5,"138":4,"139":4,"140":5,"141":93,"144":93,"145":30,"146":30,"147":26,"148":26,"149":30,"150":23,"151":23,"152":30,"153":93,"155":93,"156":93,"157":93,"158":93,"159":93,"160":93,"161":93},"branchMap":{"0":{"type":"branch","line":15,"loc":{"start":{"line":15,"column":22},"end":{"line":75,"column":2}},"locations":[{"start":{"line":15,"column":22},"end":{"line":75,"column":2}}]},"1":{"type":"branch","line":17,"loc":{"start":{"line":17,"column":4},"end":{"line":25,"column":8}},"locations":[{"start":{"line":17,"column":4},"end":{"line":25,"column":8}}]},"2":{"type":"branch","line":23,"loc":{"start":{"line":23,"column":50},"end":{"line":23,"column":72}},"locations":[{"start":{"line":23,"column":50},"end":{"line":23,"column":72}}]},"3":{"type":"branch","line":24,"loc":{"start":{"line":24,"column":48},"end":{"line":24,"column":67}},"locations":[{"start":{"line":24,"column":48},"end":{"line":24,"column":67}}]},"4":{"type":"branch","line":27,"loc":{"start":{"line":27,"column":4},"end":{"line":36,"column":8}},"locations":[{"start":{"line":27,"column":4},"end":{"line":36,"column":8}}]},"5":{"type":"branch","line":38,"loc":{"start":{"line":38,"column":4},"end":{"line":43,"column":8}},"locations":[{"start":{"line":38,"column":4},"end":{"line":43,"column":8}}]},"6":{"type":"branch","line":45,"loc":{"start":{"line":45,"column":4},"end":{"line":50,"column":8}},"locations":[{"start":{"line":45,"column":4},"end":{"line":50,"column":8}}]},"7":{"type":"branch","line":52,"loc":{"start":{"line":52,"column":4},"end":{"line":60,"column":8}},"locations":[{"start":{"line":52,"column":4},"end":{"line":60,"column":8}}]},"8":{"type":"branch","line":62,"loc":{"start":{"line":62,"column":4},"end":{"line":67,"column":8}},"locations":[{"start":{"line":62,"column":4},"end":{"line":67,"column":8}}]},"9":{"type":"branch","line":69,"loc":{"start":{"line":69,"column":4},"end":{"line":70,"column":26}},"locations":[{"start":{"line":69,"column":4},"end":{"line":70,"column":26}}]},"10":{"type":"branch","line":72,"loc":{"start":{"line":72,"column":4},"end":{"line":73,"column":19}},"locations":[{"start":{"line":72,"column":4},"end":{"line":73,"column":19}}]},"11":{"type":"branch","line":77,"loc":{"start":{"line":77,"column":25},"end":{"line":162,"column":2}},"locations":[{"start":{"line":77,"column":25},"end":{"line":162,"column":2}}]},"12":{"type":"branch","line":82,"loc":{"start":{"line":82,"column":29},"end":{"line":116,"column":5}},"locations":[{"start":{"line":82,"column":29},"end":{"line":116,"column":5}}]},"13":{"type":"branch","line":84,"loc":{"start":{"line":84,"column":34},"end":{"line":86,"column":5}},"locations":[{"start":{"line":84,"column":34},"end":{"line":86,"column":5}}]},"14":{"type":"branch","line":89,"loc":{"start":{"line":89,"column":35},"end":{"line":91,"column":5}},"locations":[{"start":{"line":89,"column":35},"end":{"line":91,"column":5}}]},"15":{"type":"branch","line":93,"loc":{"start":{"line":93,"column":23},"end":{"line":96,"column":5}},"locations":[{"start":{"line":93,"column":23},"end":{"line":96,"column":5}}]},"16":{"type":"branch","line":96,"loc":{"start":{"line":96,"column":4},"end":{"line":115,"column":19}},"locations":[{"start":{"line":96,"column":4},"end":{"line":115,"column":19}}]},"17":{"type":"branch","line":98,"loc":{"start":{"line":98,"column":42},"end":{"line":115,"column":7}},"locations":[{"start":{"line":98,"column":42},"end":{"line":115,"column":7}}]},"18":{"type":"branch","line":105,"loc":{"start":{"line":105,"column":54},"end":{"line":109,"column":9}},"locations":[{"start":{"line":105,"column":54},"end":{"line":109,"column":9}}]},"19":{"type":"branch","line":110,"loc":{"start":{"line":110,"column":6},"end":{"line":114,"column":7}},"locations":[{"start":{"line":110,"column":6},"end":{"line":114,"column":7}}]},"20":{"type":"branch","line":111,"loc":{"start":{"line":111,"column":67},"end":{"line":113,"column":9}},"locations":[{"start":{"line":111,"column":67},"end":{"line":113,"column":9}}]},"21":{"type":"branch","line":118,"loc":{"start":{"line":118,"column":31},"end":{"line":132,"column":5}},"locations":[{"start":{"line":118,"column":31},"end":{"line":132,"column":5}}]},"22":{"type":"branch","line":119,"loc":{"start":{"line":119,"column":14},"end":{"line":119,"column":41}},"locations":[{"start":{"line":119,"column":14},"end":{"line":119,"column":41}}]},"23":{"type":"branch","line":119,"loc":{"start":{"line":119,"column":41},"end":{"line":119,"column":48}},"locations":[{"start":{"line":119,"column":41},"end":{"line":119,"column":48}}]},"24":{"type":"branch","line":119,"loc":{"start":{"line":119,"column":41},"end":{"line":124,"column":80}},"locations":[{"start":{"line":119,"column":41},"end":{"line":124,"column":80}}]},"25":{"type":"branch","line":124,"loc":{"start":{"line":124,"column":78},"end":{"line":131,"column":5}},"locations":[{"start":{"line":124,"column":78},"end":{"line":131,"column":5}}]},"26":{"type":"branch","line":126,"loc":{"start":{"line":126,"column":4},"end":{"line":131,"column":5}},"locations":[{"start":{"line":126,"column":4},"end":{"line":131,"column":5}}]},"27":{"type":"branch","line":129,"loc":{"start":{"line":129,"column":48},"end":{"line":129,"column":88}},"locations":[{"start":{"line":129,"column":48},"end":{"line":129,"column":88}}]},"28":{"type":"branch","line":134,"loc":{"start":{"line":134,"column":34},"end":{"line":142,"column":5}},"locations":[{"start":{"line":134,"column":34},"end":{"line":142,"column":5}}]},"29":{"type":"branch","line":138,"loc":{"start":{"line":138,"column":35},"end":{"line":140,"column":5}},"locations":[{"start":{"line":138,"column":35},"end":{"line":140,"column":5}}]},"30":{"type":"branch","line":145,"loc":{"start":{"line":145,"column":12},"end":{"line":154,"column":5}},"locations":[{"start":{"line":145,"column":12},"end":{"line":154,"column":5}}]},"31":{"type":"branch","line":146,"loc":{"start":{"line":146,"column":11},"end":{"line":153,"column":6}},"locations":[{"start":{"line":146,"column":11},"end":{"line":153,"column":6}}]},"32":{"type":"branch","line":147,"loc":{"start":{"line":147,"column":36},"end":{"line":149,"column":7}},"locations":[{"start":{"line":147,"column":36},"end":{"line":149,"column":7}}]},"33":{"type":"branch","line":150,"loc":{"start":{"line":150,"column":37},"end":{"line":152,"column":7}},"locations":[{"start":{"line":150,"column":37},"end":{"line":152,"column":7}}]}},"b":{"0":[87],"1":[24],"2":[0],"3":[0],"4":[17],"5":[5],"6":[5],"7":[3],"8":[1],"9":[32],"10":[0],"11":[93],"12":[163],"13":[118],"14":[4],"15":[27],"16":[136],"17":[24],"18":[17],"19":[6],"20":[5],"21":[7],"22":[6],"23":[2],"24":[5],"25":[3],"26":[1],"27":[0],"28":[5],"29":[4],"30":[30],"31":[30],"32":[26],"33":[23]},"fnMap":{"0":{"name":"searchReducer","decl":{"start":{"line":15,"column":22},"end":{"line":75,"column":2}},"loc":{"start":{"line":15,"column":22},"end":{"line":75,"column":2}},"line":15},"1":{"name":"useSearch","decl":{"start":{"line":77,"column":25},"end":{"line":162,"column":2}},"loc":{"start":{"line":77,"column":25},"end":{"line":162,"column":2}},"line":77}},"f":{"0":87,"1":93}}
,"/Users/ark/Downloads/go-search/go-search/src/services/api.ts": {"path":"/Users/ark/Downloads/go-search/go-search/src/services/api.ts","all":false,"statementMap":{"3":{"start":{"line":4,"column":0},"end":{"line":4,"column":97}},"4":{"start":{"line":5,"column":0},"end":{"line":5,"column":19}},"5":{"start":{"line":6,"column":0},"end":{"line":6,"column":44}},"7":{"start":{"line":8,"column":0},"end":{"line":8,"column":68}},"8":{"start":{"line":9,"column":0},"end":{"line":9,"column":24}},"10":{"start":{"line":11,"column":0},"end":{"line":11,"column":90}},"11":{"start":{"line":12,"column":0},"end":{"line":12,"column":326}},"12":{"start":{"line":13,"column":0},"end":{"line":13,"column":6}},"15":{"start":{"line":16,"column":0},"end":{"line":16,"column":72}},"17":{"start":{"line":18,"column":0},"end":{"line":18,"column":10}},"18":{"start":{"line":19,"column":0},"end":{"line":19,"column":24}},"19":{"start":{"line":20,"column":0},"end":{"line":20,"column":9}},"20":{"start":{"line":21,"column":0},"end":{"line":21,"column":13}},"21":{"start":{"line":22,"column":0},"end":{"line":22,"column":9}},"22":{"start":{"line":23,"column":0},"end":{"line":23,"column":4}},"23":{"start":{"line":24,"column":0},"end":{"line":24,"column":2}},"26":{"start":{"line":27,"column":0},"end":{"line":27,"column":78}},"28":{"start":{"line":29,"column":0},"end":{"line":29,"column":99}},"30":{"start":{"line":31,"column":0},"end":{"line":31,"column":41}},"33":{"start":{"line":34,"column":0},"end":{"line":34,"column":29}},"34":{"start":{"line":35,"column":0},"end":{"line":35,"column":63}},"35":{"start":{"line":36,"column":0},"end":{"line":36,"column":3}},"38":{"start":{"line":39,"column":0},"end":{"line":39,"column":47}},"39":{"start":{"line":40,"column":0},"end":{"line":40,"column":12}},"40":{"start":{"line":41,"column":0},"end":{"line":41,"column":15}},"41":{"start":{"line":42,"column":0},"end":{"line":42,"column":11}},"42":{"start":{"line":43,"column":0},"end":{"line":43,"column":19}},"43":{"start":{"line":44,"column":0},"end":{"line":44,"column":14}},"44":{"start":{"line":45,"column":0},"end":{"line":45,"column":6}},"45":{"start":{"line":46,"column":0},"end":{"line":46,"column":3}},"47":{"start":{"line":48,"column":0},"end":{"line":48,"column":47}},"48":{"start":{"line":49,"column":0},"end":{"line":49,"column":2}}},"s":{"3":1,"4":11,"5":11,"7":11,"8":110,"10":110,"11":110,"12":11,"15":11,"17":11,"18":11,"19":11,"20":11,"21":11,"22":11,"23":11,"26":1,"28":1,"30":16,"33":16,"34":1,"35":1,"38":16,"39":4,"40":4,"41":4,"42":4,"43":4,"44":4,"45":4,"47":11,"48":11},"branchMap":{"0":{"type":"branch","line":4,"loc":{"start":{"line":4,"column":29},"end":{"line":24,"column":2}},"locations":[{"start":{"line":4,"column":29},"end":{"line":24,"column":2}}]},"1":{"type":"branch","line":8,"loc":{"start":{"line":8,"column":52},"end":{"line":13,"column":4}},"locations":[{"start":{"line":8,"column":52},"end":{"line":13,"column":4}}]},"2":{"type":"branch","line":11,"loc":{"start":{"line":11,"column":14},"end":{"line":11,"column":38}},"locations":[{"start":{"line":11,"column":14},"end":{"line":11,"column":38}}]},"3":{"type":"branch","line":11,"loc":{"start":{"line":11,"column":30},"end":{"line":11,"column":40}},"locations":[{"start":{"line":11,"column":30},"end":{"line":11,"column":40}}]},"4":{"type":"branch","line":12,"loc":{"start":{"line":12,"column":84},"end":{"line":12,"column":105}},"locations":[{"start":{"line":12,"column":84},"end":{"line":12,"column":105}}]},"5":{"type":"branch","line":16,"loc":{"start":{"line":16,"column":40},"end":{"line":16,"column":70}},"locations":[{"start":{"line":16,"column":40},"end":{"line":16,"column":70}}]},"6":{"type":"branch","line":27,"loc":{"start":{"line":27,"column":14},"end":{"line":27,"column":78}},"locations":[{"start":{"line":27,"column":14},"end":{"line":27,"column":78}}]},"7":{"type":"branch","line":27,"loc":{"start":{"line":27,"column":42},"end":{"line":27,"column":76}},"locations":[{"start":{"line":27,"column":42},"end":{"line":27,"column":76}}]},"8":{"type":"branch","line":29,"loc":{"start":{"line":29,"column":30},"end":{"line":49,"column":2}},"locations":[{"start":{"line":29,"column":30},"end":{"line":49,"column":2}}]},"9":{"type":"branch","line":34,"loc":{"start":{"line":34,"column":28},"end":{"line":36,"column":3}},"locations":[{"start":{"line":34,"column":28},"end":{"line":36,"column":3}}]},"10":{"type":"branch","line":36,"loc":{"start":{"line":36,"column":2},"end":{"line":39,"column":46}},"locations":[{"start":{"line":36,"column":2},"end":{"line":39,"column":46}}]},"11":{"type":"branch","line":39,"loc":{"start":{"line":39,"column":46},"end":{"line":46,"column":3}},"locations":[{"start":{"line":39,"column":46},"end":{"line":46,"column":3}}]},"12":{"type":"branch","line":46,"loc":{"start":{"line":46,"column":2},"end":{"line":49,"column":2}},"locations":[{"start":{"line":46,"column":2},"end":{"line":49,"column":2}}]}},"b":{"0":[11],"1":[110],"2":[100],"3":[10],"4":[10],"5":[110],"6":[16],"7":[16],"8":[16],"9":[1],"10":[15],"11":[4],"12":[11]},"fnMap":{"0":{"name":"generateMockArticles","decl":{"start":{"line":4,"column":29},"end":{"line":24,"column":2}},"loc":{"start":{"line":4,"column":29},"end":{"line":24,"column":2}},"line":4},"1":{"name":"delay","decl":{"start":{"line":27,"column":14},"end":{"line":27,"column":78}},"loc":{"start":{"line":27,"column":14},"end":{"line":27,"column":78}},"line":27},"2":{"name":"searchArticles","decl":{"start":{"line":29,"column":30},"end":{"line":49,"column":2}},"loc":{"start":{"line":29,"column":30},"end":{"line":49,"column":2}},"line":29}},"f":{"0":11,"1":16,"2":16}}
,"/Users/ark/Downloads/go-search/go-search/src/types/index.ts": {"path":"/Users/ark/Downloads/go-search/go-search/src/types/index.ts","all":true,"statementMap":{},"s":{},"branchMap":{"0":{"type":"branch","line":1,"loc":{"start":{"line":1,"column":744},"end":{"line":31,"column":29}},"locations":[{"start":{"line":1,"column":744},"end":{"line":31,"column":29}}]}},"b":{"0":[1]},"fnMap":{"0":{"name":"(empty-report)","decl":{"start":{"line":1,"column":744},"end":{"line":31,"column":29}},"loc":{"start":{"line":1,"column":744},"end":{"line":31,"column":29}},"line":1}},"f":{"0":1}}
}
